Connecting to database specified by database.yml
Connecting to database specified by database.yml
Connecting to database specified by database.yml
  [1m[36m (32.4ms)[0m  [1mCREATE TABLE "schema_migrations" ("version" character varying(255) NOT NULL) [0m
  [1m[35m (12.6ms)[0m   SELECT distinct i.relname, d.indisunique, d.indkey, pg_get_indexdef(d.indexrelid), t.oid
 FROM pg_class t
 INNER JOIN pg_index d ON t.oid = d.indrelid
 INNER JOIN pg_class i ON d.indexrelid = i.oid
 WHERE i.relkind = 'i'
 AND d.indisprimary = 'f'
 AND t.relname = 'schema_migrations'
 AND i.relnamespace IN (SELECT oid FROM pg_namespace WHERE nspname = ANY (current_schemas(false)) )
 ORDER BY i.relname

  [1m[36m (7.3ms)[0m  [1mCREATE UNIQUE INDEX "unique_schema_migrations" ON "schema_migrations" ("version")[0m
  [1m[35m (0.8ms)[0m  SELECT "schema_migrations"."version" FROM "schema_migrations" 
Migrating to CreatePolls (20121020034858)
  [1m[36m (0.6ms)[0m  [1mBEGIN[0m
  [1m[35m (22.9ms)[0m  CREATE TABLE "polls" ("id" serial primary key, "name" character varying(255), "description" text, "created_at" timestamp NOT NULL, "updated_at" timestamp NOT NULL) 
  [1m[36m (2.7ms)[0m  [1mINSERT INTO "schema_migrations" ("version") VALUES ('20121020034858')[0m
  [1m[35m (0.5ms)[0m  COMMIT
  [1m[36m (0.6ms)[0m  [1mSELECT "schema_migrations"."version" FROM "schema_migrations" [0m
  [1m[35mPK and serial sequence (21.8ms)[0m   SELECT attr.attname, seq.relname
 FROM pg_class seq,
 pg_attribute attr,
 pg_depend dep,
 pg_namespace name,
 pg_constraint cons
 WHERE seq.oid = dep.objid
 AND seq.relkind = 'S'
 AND attr.attrelid = dep.refobjid
 AND attr.attnum = dep.refobjsubid
 AND attr.attrelid = cons.conrelid
 AND attr.attnum = cons.conkey[1]
 AND cons.contype = 'p'
 AND dep.refobjid = '"polls"'::regclass

  [1m[36m (3.4ms)[0m  [1m SELECT distinct i.relname, d.indisunique, d.indkey, pg_get_indexdef(d.indexrelid), t.oid
 FROM pg_class t
 INNER JOIN pg_index d ON t.oid = d.indrelid
 INNER JOIN pg_class i ON d.indexrelid = i.oid
 WHERE i.relkind = 'i'
 AND d.indisprimary = 'f'
 AND t.relname = 'polls'
 AND i.relnamespace IN (SELECT oid FROM pg_namespace WHERE nspname = ANY (current_schemas(false)) )
 ORDER BY i.relname
[0m
Connecting to database specified by database.yml
Connecting to database specified by database.yml
  [1m[36m (0.5ms)[0m  [1mSELECT "schema_migrations"."version" FROM "schema_migrations" [0m
Migrating to CreatePolls (20121020034858)
Migrating to CreateNumbers (20121020035236)
  [1m[35m (0.1ms)[0m  BEGIN
  [1m[36m (8.0ms)[0m  [1mCREATE TABLE "numbers" ("id" serial primary key, "number" integer, "created_at" timestamp NOT NULL, "updated_at" timestamp NOT NULL) [0m
  [1m[35m (0.4ms)[0m  INSERT INTO "schema_migrations" ("version") VALUES ('20121020035236')
  [1m[36m (1.0ms)[0m  [1mCOMMIT[0m
  [1m[35m (0.5ms)[0m  SELECT "schema_migrations"."version" FROM "schema_migrations" 
  [1m[36mPK and serial sequence (5.1ms)[0m  [1m SELECT attr.attname, seq.relname
 FROM pg_class seq,
 pg_attribute attr,
 pg_depend dep,
 pg_namespace name,
 pg_constraint cons
 WHERE seq.oid = dep.objid
 AND seq.relkind = 'S'
 AND attr.attrelid = dep.refobjid
 AND attr.attnum = dep.refobjsubid
 AND attr.attrelid = cons.conrelid
 AND attr.attnum = cons.conkey[1]
 AND cons.contype = 'p'
 AND dep.refobjid = '"numbers"'::regclass
[0m
  [1m[35m (3.0ms)[0m   SELECT distinct i.relname, d.indisunique, d.indkey, pg_get_indexdef(d.indexrelid), t.oid
 FROM pg_class t
 INNER JOIN pg_index d ON t.oid = d.indrelid
 INNER JOIN pg_class i ON d.indexrelid = i.oid
 WHERE i.relkind = 'i'
 AND d.indisprimary = 'f'
 AND t.relname = 'numbers'
 AND i.relnamespace IN (SELECT oid FROM pg_namespace WHERE nspname = ANY (current_schemas(false)) )
 ORDER BY i.relname

  [1m[36mPK and serial sequence (3.6ms)[0m  [1m SELECT attr.attname, seq.relname
 FROM pg_class seq,
 pg_attribute attr,
 pg_depend dep,
 pg_namespace name,
 pg_constraint cons
 WHERE seq.oid = dep.objid
 AND seq.relkind = 'S'
 AND attr.attrelid = dep.refobjid
 AND attr.attnum = dep.refobjsubid
 AND attr.attrelid = cons.conrelid
 AND attr.attnum = cons.conkey[1]
 AND cons.contype = 'p'
 AND dep.refobjid = '"polls"'::regclass
[0m
  [1m[35m (1.8ms)[0m   SELECT distinct i.relname, d.indisunique, d.indkey, pg_get_indexdef(d.indexrelid), t.oid
 FROM pg_class t
 INNER JOIN pg_index d ON t.oid = d.indrelid
 INNER JOIN pg_class i ON d.indexrelid = i.oid
 WHERE i.relkind = 'i'
 AND d.indisprimary = 'f'
 AND t.relname = 'polls'
 AND i.relnamespace IN (SELECT oid FROM pg_namespace WHERE nspname = ANY (current_schemas(false)) )
 ORDER BY i.relname

Connecting to database specified by database.yml
Connecting to database specified by database.yml
  [1m[36m (0.4ms)[0m  [1mSELECT "schema_migrations"."version" FROM "schema_migrations" [0m
Migrating to CreatePolls (20121020034858)
Migrating to CreateNumbers (20121020035236)
Migrating to CreateAnswers (20121020040756)
  [1m[35m (0.1ms)[0m  BEGIN
  [1m[36m (7.4ms)[0m  [1mCREATE TABLE "answers" ("id" serial primary key, "affirmative" boolean, "created_at" timestamp NOT NULL, "updated_at" timestamp NOT NULL) [0m
  [1m[35m (0.4ms)[0m  INSERT INTO "schema_migrations" ("version") VALUES ('20121020040756')
  [1m[36m (0.8ms)[0m  [1mCOMMIT[0m
  [1m[35m (0.5ms)[0m  SELECT "schema_migrations"."version" FROM "schema_migrations" 
  [1m[36mPK and serial sequence (7.7ms)[0m  [1m SELECT attr.attname, seq.relname
 FROM pg_class seq,
 pg_attribute attr,
 pg_depend dep,
 pg_namespace name,
 pg_constraint cons
 WHERE seq.oid = dep.objid
 AND seq.relkind = 'S'
 AND attr.attrelid = dep.refobjid
 AND attr.attnum = dep.refobjsubid
 AND attr.attrelid = cons.conrelid
 AND attr.attnum = cons.conkey[1]
 AND cons.contype = 'p'
 AND dep.refobjid = '"answers"'::regclass
[0m
  [1m[35m (4.8ms)[0m   SELECT distinct i.relname, d.indisunique, d.indkey, pg_get_indexdef(d.indexrelid), t.oid
 FROM pg_class t
 INNER JOIN pg_index d ON t.oid = d.indrelid
 INNER JOIN pg_class i ON d.indexrelid = i.oid
 WHERE i.relkind = 'i'
 AND d.indisprimary = 'f'
 AND t.relname = 'answers'
 AND i.relnamespace IN (SELECT oid FROM pg_namespace WHERE nspname = ANY (current_schemas(false)) )
 ORDER BY i.relname

  [1m[36mPK and serial sequence (4.0ms)[0m  [1m SELECT attr.attname, seq.relname
 FROM pg_class seq,
 pg_attribute attr,
 pg_depend dep,
 pg_namespace name,
 pg_constraint cons
 WHERE seq.oid = dep.objid
 AND seq.relkind = 'S'
 AND attr.attrelid = dep.refobjid
 AND attr.attnum = dep.refobjsubid
 AND attr.attrelid = cons.conrelid
 AND attr.attnum = cons.conkey[1]
 AND cons.contype = 'p'
 AND dep.refobjid = '"numbers"'::regclass
[0m
  [1m[35m (1.4ms)[0m   SELECT distinct i.relname, d.indisunique, d.indkey, pg_get_indexdef(d.indexrelid), t.oid
 FROM pg_class t
 INNER JOIN pg_index d ON t.oid = d.indrelid
 INNER JOIN pg_class i ON d.indexrelid = i.oid
 WHERE i.relkind = 'i'
 AND d.indisprimary = 'f'
 AND t.relname = 'numbers'
 AND i.relnamespace IN (SELECT oid FROM pg_namespace WHERE nspname = ANY (current_schemas(false)) )
 ORDER BY i.relname

  [1m[36mPK and serial sequence (3.0ms)[0m  [1m SELECT attr.attname, seq.relname
 FROM pg_class seq,
 pg_attribute attr,
 pg_depend dep,
 pg_namespace name,
 pg_constraint cons
 WHERE seq.oid = dep.objid
 AND seq.relkind = 'S'
 AND attr.attrelid = dep.refobjid
 AND attr.attnum = dep.refobjsubid
 AND attr.attrelid = cons.conrelid
 AND attr.attnum = cons.conkey[1]
 AND cons.contype = 'p'
 AND dep.refobjid = '"polls"'::regclass
[0m
  [1m[35m (1.7ms)[0m   SELECT distinct i.relname, d.indisunique, d.indkey, pg_get_indexdef(d.indexrelid), t.oid
 FROM pg_class t
 INNER JOIN pg_index d ON t.oid = d.indrelid
 INNER JOIN pg_class i ON d.indexrelid = i.oid
 WHERE i.relkind = 'i'
 AND d.indisprimary = 'f'
 AND t.relname = 'polls'
 AND i.relnamespace IN (SELECT oid FROM pg_namespace WHERE nspname = ANY (current_schemas(false)) )
 ORDER BY i.relname

Connecting to database specified by database.yml
  [1m[36m (0.4ms)[0m  [1mSELECT "schema_migrations"."version" FROM "schema_migrations" [0m
Migrating to CreatePolls (20121020034858)
Migrating to CreateNumbers (20121020035236)
Migrating to CreateAnswers (20121020040756)
  [1m[35m (0.5ms)[0m  SELECT "schema_migrations"."version" FROM "schema_migrations" 
  [1m[36mPK and serial sequence (5.5ms)[0m  [1m SELECT attr.attname, seq.relname
 FROM pg_class seq,
 pg_attribute attr,
 pg_depend dep,
 pg_namespace name,
 pg_constraint cons
 WHERE seq.oid = dep.objid
 AND seq.relkind = 'S'
 AND attr.attrelid = dep.refobjid
 AND attr.attnum = dep.refobjsubid
 AND attr.attrelid = cons.conrelid
 AND attr.attnum = cons.conkey[1]
 AND cons.contype = 'p'
 AND dep.refobjid = '"answers"'::regclass
[0m
  [1m[35m (4.6ms)[0m   SELECT distinct i.relname, d.indisunique, d.indkey, pg_get_indexdef(d.indexrelid), t.oid
 FROM pg_class t
 INNER JOIN pg_index d ON t.oid = d.indrelid
 INNER JOIN pg_class i ON d.indexrelid = i.oid
 WHERE i.relkind = 'i'
 AND d.indisprimary = 'f'
 AND t.relname = 'answers'
 AND i.relnamespace IN (SELECT oid FROM pg_namespace WHERE nspname = ANY (current_schemas(false)) )
 ORDER BY i.relname

  [1m[36mPK and serial sequence (4.4ms)[0m  [1m SELECT attr.attname, seq.relname
 FROM pg_class seq,
 pg_attribute attr,
 pg_depend dep,
 pg_namespace name,
 pg_constraint cons
 WHERE seq.oid = dep.objid
 AND seq.relkind = 'S'
 AND attr.attrelid = dep.refobjid
 AND attr.attnum = dep.refobjsubid
 AND attr.attrelid = cons.conrelid
 AND attr.attnum = cons.conkey[1]
 AND cons.contype = 'p'
 AND dep.refobjid = '"numbers"'::regclass
[0m
  [1m[35m (2.1ms)[0m   SELECT distinct i.relname, d.indisunique, d.indkey, pg_get_indexdef(d.indexrelid), t.oid
 FROM pg_class t
 INNER JOIN pg_index d ON t.oid = d.indrelid
 INNER JOIN pg_class i ON d.indexrelid = i.oid
 WHERE i.relkind = 'i'
 AND d.indisprimary = 'f'
 AND t.relname = 'numbers'
 AND i.relnamespace IN (SELECT oid FROM pg_namespace WHERE nspname = ANY (current_schemas(false)) )
 ORDER BY i.relname

  [1m[36mPK and serial sequence (3.0ms)[0m  [1m SELECT attr.attname, seq.relname
 FROM pg_class seq,
 pg_attribute attr,
 pg_depend dep,
 pg_namespace name,
 pg_constraint cons
 WHERE seq.oid = dep.objid
 AND seq.relkind = 'S'
 AND attr.attrelid = dep.refobjid
 AND attr.attnum = dep.refobjsubid
 AND attr.attrelid = cons.conrelid
 AND attr.attnum = cons.conkey[1]
 AND cons.contype = 'p'
 AND dep.refobjid = '"polls"'::regclass
[0m
  [1m[35m (2.0ms)[0m   SELECT distinct i.relname, d.indisunique, d.indkey, pg_get_indexdef(d.indexrelid), t.oid
 FROM pg_class t
 INNER JOIN pg_index d ON t.oid = d.indrelid
 INNER JOIN pg_class i ON d.indexrelid = i.oid
 WHERE i.relkind = 'i'
 AND d.indisprimary = 'f'
 AND t.relname = 'polls'
 AND i.relnamespace IN (SELECT oid FROM pg_namespace WHERE nspname = ANY (current_schemas(false)) )
 ORDER BY i.relname

Connecting to database specified by database.yml
Connecting to database specified by database.yml
Connecting to database specified by database.yml
  [1m[36m (0.5ms)[0m  [1mSELECT "schema_migrations"."version" FROM "schema_migrations" [0m
Migrating to CreateNumbers (20121020035236)
Migrating to CreateAnswers (20121020040756)
Migrating to CreatePolls (20121020041122)
  [1m[35m (0.1ms)[0m  BEGIN
  [1m[36m (5.9ms)[0m  [1mCREATE TABLE "polls" ("id" serial primary key, "name" character varying(255), "description" text, "created_at" timestamp NOT NULL, "updated_at" timestamp NOT NULL) [0m
PG::Error: ERROR:  relation "polls" already exists
: CREATE TABLE "polls" ("id" serial primary key, "name" character varying(255), "description" text, "created_at" timestamp NOT NULL, "updated_at" timestamp NOT NULL) 
  [1m[35m (0.2ms)[0m  ROLLBACK
Connecting to database specified by database.yml
  [1m[36m (0.4ms)[0m  [1mSELECT "schema_migrations"."version" FROM "schema_migrations" [0m
  [1m[35m (0.2ms)[0m  SELECT "schema_migrations"."version" FROM "schema_migrations" 
Migrating to CreateAnswers (20121020040756)
  [1m[36m (0.1ms)[0m  [1mBEGIN[0m
  [1m[35m (10.0ms)[0m  DROP TABLE "answers"
  [1m[36m (1.3ms)[0m  [1mDELETE FROM "schema_migrations" WHERE "schema_migrations"."version" = '20121020040756'[0m
  [1m[35m (1.0ms)[0m  COMMIT
  [1m[36m (1.0ms)[0m  [1mSELECT "schema_migrations"."version" FROM "schema_migrations" [0m
  [1m[35mPK and serial sequence (6.1ms)[0m   SELECT attr.attname, seq.relname
 FROM pg_class seq,
 pg_attribute attr,
 pg_depend dep,
 pg_namespace name,
 pg_constraint cons
 WHERE seq.oid = dep.objid
 AND seq.relkind = 'S'
 AND attr.attrelid = dep.refobjid
 AND attr.attnum = dep.refobjsubid
 AND attr.attrelid = cons.conrelid
 AND attr.attnum = cons.conkey[1]
 AND cons.contype = 'p'
 AND dep.refobjid = '"numbers"'::regclass

  [1m[36m (5.3ms)[0m  [1m SELECT distinct i.relname, d.indisunique, d.indkey, pg_get_indexdef(d.indexrelid), t.oid
 FROM pg_class t
 INNER JOIN pg_index d ON t.oid = d.indrelid
 INNER JOIN pg_class i ON d.indexrelid = i.oid
 WHERE i.relkind = 'i'
 AND d.indisprimary = 'f'
 AND t.relname = 'numbers'
 AND i.relnamespace IN (SELECT oid FROM pg_namespace WHERE nspname = ANY (current_schemas(false)) )
 ORDER BY i.relname
[0m
  [1m[35mPK and serial sequence (3.9ms)[0m   SELECT attr.attname, seq.relname
 FROM pg_class seq,
 pg_attribute attr,
 pg_depend dep,
 pg_namespace name,
 pg_constraint cons
 WHERE seq.oid = dep.objid
 AND seq.relkind = 'S'
 AND attr.attrelid = dep.refobjid
 AND attr.attnum = dep.refobjsubid
 AND attr.attrelid = cons.conrelid
 AND attr.attnum = cons.conkey[1]
 AND cons.contype = 'p'
 AND dep.refobjid = '"polls"'::regclass

  [1m[36m (1.9ms)[0m  [1m SELECT distinct i.relname, d.indisunique, d.indkey, pg_get_indexdef(d.indexrelid), t.oid
 FROM pg_class t
 INNER JOIN pg_index d ON t.oid = d.indrelid
 INNER JOIN pg_class i ON d.indexrelid = i.oid
 WHERE i.relkind = 'i'
 AND d.indisprimary = 'f'
 AND t.relname = 'polls'
 AND i.relnamespace IN (SELECT oid FROM pg_namespace WHERE nspname = ANY (current_schemas(false)) )
 ORDER BY i.relname
[0m
Connecting to database specified by database.yml
  [1m[36m (0.4ms)[0m  [1mSELECT "schema_migrations"."version" FROM "schema_migrations" [0m
  [1m[35m (0.3ms)[0m  SELECT "schema_migrations"."version" FROM "schema_migrations" 
Migrating to CreateNumbers (20121020035236)
  [1m[36m (0.2ms)[0m  [1mBEGIN[0m
  [1m[35m (1.9ms)[0m  DROP TABLE "numbers"
  [1m[36m (0.8ms)[0m  [1mDELETE FROM "schema_migrations" WHERE "schema_migrations"."version" = '20121020035236'[0m
  [1m[35m (0.9ms)[0m  COMMIT
  [1m[36m (0.8ms)[0m  [1mSELECT "schema_migrations"."version" FROM "schema_migrations" [0m
  [1m[35mPK and serial sequence (6.6ms)[0m   SELECT attr.attname, seq.relname
 FROM pg_class seq,
 pg_attribute attr,
 pg_depend dep,
 pg_namespace name,
 pg_constraint cons
 WHERE seq.oid = dep.objid
 AND seq.relkind = 'S'
 AND attr.attrelid = dep.refobjid
 AND attr.attnum = dep.refobjsubid
 AND attr.attrelid = cons.conrelid
 AND attr.attnum = cons.conkey[1]
 AND cons.contype = 'p'
 AND dep.refobjid = '"polls"'::regclass

  [1m[36m (6.5ms)[0m  [1m SELECT distinct i.relname, d.indisunique, d.indkey, pg_get_indexdef(d.indexrelid), t.oid
 FROM pg_class t
 INNER JOIN pg_index d ON t.oid = d.indrelid
 INNER JOIN pg_class i ON d.indexrelid = i.oid
 WHERE i.relkind = 'i'
 AND d.indisprimary = 'f'
 AND t.relname = 'polls'
 AND i.relnamespace IN (SELECT oid FROM pg_namespace WHERE nspname = ANY (current_schemas(false)) )
 ORDER BY i.relname
[0m
Connecting to database specified by database.yml
  [1m[36m (0.4ms)[0m  [1mSELECT "schema_migrations"."version" FROM "schema_migrations" [0m
  [1m[35m (0.5ms)[0m  SELECT "schema_migrations"."version" FROM "schema_migrations" 
  [1m[36mPK and serial sequence (5.9ms)[0m  [1m SELECT attr.attname, seq.relname
 FROM pg_class seq,
 pg_attribute attr,
 pg_depend dep,
 pg_namespace name,
 pg_constraint cons
 WHERE seq.oid = dep.objid
 AND seq.relkind = 'S'
 AND attr.attrelid = dep.refobjid
 AND attr.attnum = dep.refobjsubid
 AND attr.attrelid = cons.conrelid
 AND attr.attnum = cons.conkey[1]
 AND cons.contype = 'p'
 AND dep.refobjid = '"polls"'::regclass
[0m
  [1m[35m (4.6ms)[0m   SELECT distinct i.relname, d.indisunique, d.indkey, pg_get_indexdef(d.indexrelid), t.oid
 FROM pg_class t
 INNER JOIN pg_index d ON t.oid = d.indrelid
 INNER JOIN pg_class i ON d.indexrelid = i.oid
 WHERE i.relkind = 'i'
 AND d.indisprimary = 'f'
 AND t.relname = 'polls'
 AND i.relnamespace IN (SELECT oid FROM pg_namespace WHERE nspname = ANY (current_schemas(false)) )
 ORDER BY i.relname

Connecting to database specified by database.yml
  [1m[36m (0.5ms)[0m  [1mSELECT "schema_migrations"."version" FROM "schema_migrations" [0m
Migrating to CreateNumbers (20121020035236)
  [1m[35m (0.2ms)[0m  BEGIN
  [1m[36m (9.1ms)[0m  [1mCREATE TABLE "numbers" ("id" serial primary key, "number" integer, "created_at" timestamp NOT NULL, "updated_at" timestamp NOT NULL) [0m
  [1m[35m (0.4ms)[0m  INSERT INTO "schema_migrations" ("version") VALUES ('20121020035236')
  [1m[36m (1.1ms)[0m  [1mCOMMIT[0m
Migrating to CreateAnswers (20121020040756)
  [1m[35m (0.2ms)[0m  BEGIN
  [1m[36m (3.0ms)[0m  [1mCREATE TABLE "answers" ("id" serial primary key, "affirmative" boolean, "created_at" timestamp NOT NULL, "updated_at" timestamp NOT NULL) [0m
  [1m[35m (0.2ms)[0m  INSERT INTO "schema_migrations" ("version") VALUES ('20121020040756')
  [1m[36m (0.4ms)[0m  [1mCOMMIT[0m
Migrating to CreatePolls (20121020041122)
  [1m[35m (0.2ms)[0m  BEGIN
  [1m[36m (1.8ms)[0m  [1mCREATE TABLE "polls" ("id" serial primary key, "name" character varying(255), "description" text, "created_at" timestamp NOT NULL, "updated_at" timestamp NOT NULL) [0m
PG::Error: ERROR:  relation "polls" already exists
: CREATE TABLE "polls" ("id" serial primary key, "name" character varying(255), "description" text, "created_at" timestamp NOT NULL, "updated_at" timestamp NOT NULL) 
  [1m[35m (0.2ms)[0m  ROLLBACK
Connecting to database specified by database.yml
  [1m[36m (0.5ms)[0m  [1mSELECT "schema_migrations"."version" FROM "schema_migrations" [0m
Migrating to CreateNumbers (20121020035236)
Migrating to CreateAnswers (20121020040756)
Migrating to CreatePolls (20121020041122)
  [1m[35m (0.1ms)[0m  BEGIN
  [1m[36m (7.2ms)[0m  [1mCREATE TABLE "polls" ("id" serial primary key, "name" character varying(255), "description" text, "created_at" timestamp NOT NULL, "updated_at" timestamp NOT NULL) [0m
  [1m[35m (0.3ms)[0m  INSERT INTO "schema_migrations" ("version") VALUES ('20121020041122')
  [1m[36m (0.5ms)[0m  [1mCOMMIT[0m
  [1m[35m (0.7ms)[0m  SELECT "schema_migrations"."version" FROM "schema_migrations" 
  [1m[36mPK and serial sequence (6.0ms)[0m  [1m SELECT attr.attname, seq.relname
 FROM pg_class seq,
 pg_attribute attr,
 pg_depend dep,
 pg_namespace name,
 pg_constraint cons
 WHERE seq.oid = dep.objid
 AND seq.relkind = 'S'
 AND attr.attrelid = dep.refobjid
 AND attr.attnum = dep.refobjsubid
 AND attr.attrelid = cons.conrelid
 AND attr.attnum = cons.conkey[1]
 AND cons.contype = 'p'
 AND dep.refobjid = '"answers"'::regclass
[0m
  [1m[35m (4.1ms)[0m   SELECT distinct i.relname, d.indisunique, d.indkey, pg_get_indexdef(d.indexrelid), t.oid
 FROM pg_class t
 INNER JOIN pg_index d ON t.oid = d.indrelid
 INNER JOIN pg_class i ON d.indexrelid = i.oid
 WHERE i.relkind = 'i'
 AND d.indisprimary = 'f'
 AND t.relname = 'answers'
 AND i.relnamespace IN (SELECT oid FROM pg_namespace WHERE nspname = ANY (current_schemas(false)) )
 ORDER BY i.relname

  [1m[36mPK and serial sequence (3.8ms)[0m  [1m SELECT attr.attname, seq.relname
 FROM pg_class seq,
 pg_attribute attr,
 pg_depend dep,
 pg_namespace name,
 pg_constraint cons
 WHERE seq.oid = dep.objid
 AND seq.relkind = 'S'
 AND attr.attrelid = dep.refobjid
 AND attr.attnum = dep.refobjsubid
 AND attr.attrelid = cons.conrelid
 AND attr.attnum = cons.conkey[1]
 AND cons.contype = 'p'
 AND dep.refobjid = '"numbers"'::regclass
[0m
  [1m[35m (1.8ms)[0m   SELECT distinct i.relname, d.indisunique, d.indkey, pg_get_indexdef(d.indexrelid), t.oid
 FROM pg_class t
 INNER JOIN pg_index d ON t.oid = d.indrelid
 INNER JOIN pg_class i ON d.indexrelid = i.oid
 WHERE i.relkind = 'i'
 AND d.indisprimary = 'f'
 AND t.relname = 'numbers'
 AND i.relnamespace IN (SELECT oid FROM pg_namespace WHERE nspname = ANY (current_schemas(false)) )
 ORDER BY i.relname

  [1m[36mPK and serial sequence (4.6ms)[0m  [1m SELECT attr.attname, seq.relname
 FROM pg_class seq,
 pg_attribute attr,
 pg_depend dep,
 pg_namespace name,
 pg_constraint cons
 WHERE seq.oid = dep.objid
 AND seq.relkind = 'S'
 AND attr.attrelid = dep.refobjid
 AND attr.attnum = dep.refobjsubid
 AND attr.attrelid = cons.conrelid
 AND attr.attnum = cons.conkey[1]
 AND cons.contype = 'p'
 AND dep.refobjid = '"polls"'::regclass
[0m
  [1m[35m (2.1ms)[0m   SELECT distinct i.relname, d.indisunique, d.indkey, pg_get_indexdef(d.indexrelid), t.oid
 FROM pg_class t
 INNER JOIN pg_index d ON t.oid = d.indrelid
 INNER JOIN pg_class i ON d.indexrelid = i.oid
 WHERE i.relkind = 'i'
 AND d.indisprimary = 'f'
 AND t.relname = 'polls'
 AND i.relnamespace IN (SELECT oid FROM pg_namespace WHERE nspname = ANY (current_schemas(false)) )
 ORDER BY i.relname



Started GET "/polls" for 127.0.0.1 at 2012-10-19 23:13:13 -0500
Connecting to database specified by database.yml
Processing by PollsController#index as HTML
  [1m[36mPoll Load (0.5ms)[0m  [1mSELECT "polls".* FROM "polls" [0m
  Rendered polls/index.html.erb within layouts/application (3.3ms)
Compiled polls.css  (9ms)  (pid 14084)
Compiled scaffolds.css  (21ms)  (pid 14084)
Compiled application.css  (85ms)  (pid 14084)
Compiled jquery.js  (8ms)  (pid 14084)
Compiled jquery_ujs.js  (0ms)  (pid 14084)
Compiled polls.js  (396ms)  (pid 14084)
Compiled application.js  (504ms)  (pid 14084)
Completed 200 OK in 791ms (Views: 728.5ms | ActiveRecord: 13.5ms)


Started GET "/assets/polls.css?body=1" for 127.0.0.1 at 2012-10-19 23:13:14 -0500
Served asset /polls.css - 200 OK (11ms)


Started GET "/assets/scaffolds.css?body=1" for 127.0.0.1 at 2012-10-19 23:13:14 -0500
Served asset /scaffolds.css - 200 OK (25ms)


Started GET "/assets/jquery.js?body=1" for 127.0.0.1 at 2012-10-19 23:13:14 -0500
Served asset /jquery.js - 200 OK (3ms)


Started GET "/assets/application.css?body=1" for 127.0.0.1 at 2012-10-19 23:13:14 -0500
Served asset /application.css - 200 OK (13ms)


Started GET "/assets/jquery_ujs.js?body=1" for 127.0.0.1 at 2012-10-19 23:13:14 -0500
Served asset /jquery_ujs.js - 200 OK (3ms)


Started GET "/assets/polls.js?body=1" for 127.0.0.1 at 2012-10-19 23:13:15 -0500
Served asset /polls.js - 200 OK (2ms)


Started GET "/assets/application.js?body=1" for 127.0.0.1 at 2012-10-19 23:13:15 -0500
Served asset /application.js - 200 OK (8ms)
Connecting to database specified by database.yml
Connecting to database specified by database.yml
  [1m[36m (0.5ms)[0m  [1mSELECT "schema_migrations"."version" FROM "schema_migrations" [0m
Migrating to CreateNumbers (20121020035236)
Migrating to CreateAnswers (20121020040756)
Migrating to CreatePolls (20121020041122)
Migrating to AddPollIdToAnswers (20121020041605)
  [1m[35m (0.1ms)[0m  BEGIN
  [1m[36m (2.9ms)[0m  [1mALTER TABLE "answers" ADD COLUMN "poll_id" integer[0m
  [1m[35m (0.7ms)[0m  INSERT INTO "schema_migrations" ("version") VALUES ('20121020041605')
  [1m[36m (1.2ms)[0m  [1mCOMMIT[0m
  [1m[35m (0.5ms)[0m  SELECT "schema_migrations"."version" FROM "schema_migrations" 
  [1m[36mPK and serial sequence (7.8ms)[0m  [1m SELECT attr.attname, seq.relname
 FROM pg_class seq,
 pg_attribute attr,
 pg_depend dep,
 pg_namespace name,
 pg_constraint cons
 WHERE seq.oid = dep.objid
 AND seq.relkind = 'S'
 AND attr.attrelid = dep.refobjid
 AND attr.attnum = dep.refobjsubid
 AND attr.attrelid = cons.conrelid
 AND attr.attnum = cons.conkey[1]
 AND cons.contype = 'p'
 AND dep.refobjid = '"answers"'::regclass
[0m
  [1m[35m (4.8ms)[0m   SELECT distinct i.relname, d.indisunique, d.indkey, pg_get_indexdef(d.indexrelid), t.oid
 FROM pg_class t
 INNER JOIN pg_index d ON t.oid = d.indrelid
 INNER JOIN pg_class i ON d.indexrelid = i.oid
 WHERE i.relkind = 'i'
 AND d.indisprimary = 'f'
 AND t.relname = 'answers'
 AND i.relnamespace IN (SELECT oid FROM pg_namespace WHERE nspname = ANY (current_schemas(false)) )
 ORDER BY i.relname

  [1m[36mPK and serial sequence (3.2ms)[0m  [1m SELECT attr.attname, seq.relname
 FROM pg_class seq,
 pg_attribute attr,
 pg_depend dep,
 pg_namespace name,
 pg_constraint cons
 WHERE seq.oid = dep.objid
 AND seq.relkind = 'S'
 AND attr.attrelid = dep.refobjid
 AND attr.attnum = dep.refobjsubid
 AND attr.attrelid = cons.conrelid
 AND attr.attnum = cons.conkey[1]
 AND cons.contype = 'p'
 AND dep.refobjid = '"numbers"'::regclass
[0m
  [1m[35m (2.1ms)[0m   SELECT distinct i.relname, d.indisunique, d.indkey, pg_get_indexdef(d.indexrelid), t.oid
 FROM pg_class t
 INNER JOIN pg_index d ON t.oid = d.indrelid
 INNER JOIN pg_class i ON d.indexrelid = i.oid
 WHERE i.relkind = 'i'
 AND d.indisprimary = 'f'
 AND t.relname = 'numbers'
 AND i.relnamespace IN (SELECT oid FROM pg_namespace WHERE nspname = ANY (current_schemas(false)) )
 ORDER BY i.relname

  [1m[36mPK and serial sequence (3.5ms)[0m  [1m SELECT attr.attname, seq.relname
 FROM pg_class seq,
 pg_attribute attr,
 pg_depend dep,
 pg_namespace name,
 pg_constraint cons
 WHERE seq.oid = dep.objid
 AND seq.relkind = 'S'
 AND attr.attrelid = dep.refobjid
 AND attr.attnum = dep.refobjsubid
 AND attr.attrelid = cons.conrelid
 AND attr.attnum = cons.conkey[1]
 AND cons.contype = 'p'
 AND dep.refobjid = '"polls"'::regclass
[0m
  [1m[35m (1.9ms)[0m   SELECT distinct i.relname, d.indisunique, d.indkey, pg_get_indexdef(d.indexrelid), t.oid
 FROM pg_class t
 INNER JOIN pg_index d ON t.oid = d.indrelid
 INNER JOIN pg_class i ON d.indexrelid = i.oid
 WHERE i.relkind = 'i'
 AND d.indisprimary = 'f'
 AND t.relname = 'polls'
 AND i.relnamespace IN (SELECT oid FROM pg_namespace WHERE nspname = ANY (current_schemas(false)) )
 ORDER BY i.relname

Connecting to database specified by database.yml
Connecting to database specified by database.yml
  [1m[36m (1.0ms)[0m  [1mSELECT "schema_migrations"."version" FROM "schema_migrations" [0m
Migrating to CreateNumbers (20121020035236)
Migrating to CreateAnswers (20121020040756)
Migrating to CreatePolls (20121020041122)
Migrating to AddPollIdToAnswers (20121020041605)
Migrating to AddNumberIdToAnswers (20121020042948)
  [1m[35m (0.1ms)[0m  BEGIN
  [1m[36m (1.8ms)[0m  [1mALTER TABLE "answers" ADD COLUMN "number_id" integer[0m
  [1m[35m (0.3ms)[0m  INSERT INTO "schema_migrations" ("version") VALUES ('20121020042948')
  [1m[36m (0.9ms)[0m  [1mCOMMIT[0m
  [1m[35m (0.6ms)[0m  SELECT "schema_migrations"."version" FROM "schema_migrations" 
  [1m[36mPK and serial sequence (5.1ms)[0m  [1m SELECT attr.attname, seq.relname
 FROM pg_class seq,
 pg_attribute attr,
 pg_depend dep,
 pg_namespace name,
 pg_constraint cons
 WHERE seq.oid = dep.objid
 AND seq.relkind = 'S'
 AND attr.attrelid = dep.refobjid
 AND attr.attnum = dep.refobjsubid
 AND attr.attrelid = cons.conrelid
 AND attr.attnum = cons.conkey[1]
 AND cons.contype = 'p'
 AND dep.refobjid = '"answers"'::regclass
[0m
  [1m[35m (4.7ms)[0m   SELECT distinct i.relname, d.indisunique, d.indkey, pg_get_indexdef(d.indexrelid), t.oid
 FROM pg_class t
 INNER JOIN pg_index d ON t.oid = d.indrelid
 INNER JOIN pg_class i ON d.indexrelid = i.oid
 WHERE i.relkind = 'i'
 AND d.indisprimary = 'f'
 AND t.relname = 'answers'
 AND i.relnamespace IN (SELECT oid FROM pg_namespace WHERE nspname = ANY (current_schemas(false)) )
 ORDER BY i.relname

  [1m[36mPK and serial sequence (4.0ms)[0m  [1m SELECT attr.attname, seq.relname
 FROM pg_class seq,
 pg_attribute attr,
 pg_depend dep,
 pg_namespace name,
 pg_constraint cons
 WHERE seq.oid = dep.objid
 AND seq.relkind = 'S'
 AND attr.attrelid = dep.refobjid
 AND attr.attnum = dep.refobjsubid
 AND attr.attrelid = cons.conrelid
 AND attr.attnum = cons.conkey[1]
 AND cons.contype = 'p'
 AND dep.refobjid = '"numbers"'::regclass
[0m
  [1m[35m (1.5ms)[0m   SELECT distinct i.relname, d.indisunique, d.indkey, pg_get_indexdef(d.indexrelid), t.oid
 FROM pg_class t
 INNER JOIN pg_index d ON t.oid = d.indrelid
 INNER JOIN pg_class i ON d.indexrelid = i.oid
 WHERE i.relkind = 'i'
 AND d.indisprimary = 'f'
 AND t.relname = 'numbers'
 AND i.relnamespace IN (SELECT oid FROM pg_namespace WHERE nspname = ANY (current_schemas(false)) )
 ORDER BY i.relname

  [1m[36mPK and serial sequence (4.2ms)[0m  [1m SELECT attr.attname, seq.relname
 FROM pg_class seq,
 pg_attribute attr,
 pg_depend dep,
 pg_namespace name,
 pg_constraint cons
 WHERE seq.oid = dep.objid
 AND seq.relkind = 'S'
 AND attr.attrelid = dep.refobjid
 AND attr.attnum = dep.refobjsubid
 AND attr.attrelid = cons.conrelid
 AND attr.attnum = cons.conkey[1]
 AND cons.contype = 'p'
 AND dep.refobjid = '"polls"'::regclass
[0m
  [1m[35m (1.6ms)[0m   SELECT distinct i.relname, d.indisunique, d.indkey, pg_get_indexdef(d.indexrelid), t.oid
 FROM pg_class t
 INNER JOIN pg_index d ON t.oid = d.indrelid
 INNER JOIN pg_class i ON d.indexrelid = i.oid
 WHERE i.relkind = 'i'
 AND d.indisprimary = 'f'
 AND t.relname = 'polls'
 AND i.relnamespace IN (SELECT oid FROM pg_namespace WHERE nspname = ANY (current_schemas(false)) )
 ORDER BY i.relname

Connecting to database specified by database.yml
Connecting to database specified by database.yml


Started GET "/polls" for 127.0.0.1 at 2012-10-19 23:48:08 -0500
Connecting to database specified by database.yml
Processing by PollsController#index as HTML
  [1m[36mPoll Load (0.7ms)[0m  [1mSELECT "polls".* FROM "polls" [0m
  Rendered polls/index.html.erb within layouts/application (4.4ms)
Completed 200 OK in 139ms (Views: 70.8ms | ActiveRecord: 18.1ms)


Started GET "/assets/polls.css?body=1" for 127.0.0.1 at 2012-10-19 23:48:09 -0500
Served asset /polls.css - 304 Not Modified (9ms)


Started GET "/assets/scaffolds.css?body=1" for 127.0.0.1 at 2012-10-19 23:48:09 -0500
Served asset /scaffolds.css - 304 Not Modified (1ms)


Started GET "/assets/jquery.js?body=1" for 127.0.0.1 at 2012-10-19 23:48:09 -0500
Served asset /jquery.js - 304 Not Modified (4ms)


Started GET "/assets/polls.js?body=1" for 127.0.0.1 at 2012-10-19 23:48:09 -0500
Served asset /polls.js - 304 Not Modified (2ms)


Started GET "/assets/jquery_ujs.js?body=1" for 127.0.0.1 at 2012-10-19 23:48:09 -0500
Served asset /jquery_ujs.js - 304 Not Modified (3ms)


Started GET "/assets/application.css?body=1" for 127.0.0.1 at 2012-10-19 23:48:09 -0500
Served asset /application.css - 304 Not Modified (3ms)


Started GET "/assets/application.js?body=1" for 127.0.0.1 at 2012-10-19 23:48:09 -0500
Served asset /application.js - 304 Not Modified (4ms)
Connecting to database specified by database.yml
Connecting to database specified by database.yml
Connecting to database specified by database.yml
Connecting to database specified by database.yml
  [1m[36m (1.4ms)[0m  [1mSELECT "schema_migrations"."version" FROM "schema_migrations" [0m
Migrating to CreateNumbers (20121020035236)
Migrating to CreateAnswers (20121020040756)
Migrating to CreatePolls (20121020041122)
Migrating to AddPollIdToAnswers (20121020041605)
Migrating to AddNumberIdToAnswers (20121020042948)
Migrating to RemoveNumberFromNumber (20121020045552)
  [1m[35m (0.1ms)[0m  BEGIN
  [1m[36m (4.3ms)[0m  [1mALTER TABLE "numbers" DROP "number"[0m
  [1m[35m (0.3ms)[0m  INSERT INTO "schema_migrations" ("version") VALUES ('20121020045552')
  [1m[36m (0.9ms)[0m  [1mCOMMIT[0m
  [1m[35m (0.5ms)[0m  SELECT "schema_migrations"."version" FROM "schema_migrations" 
  [1m[36mPK and serial sequence (6.5ms)[0m  [1m SELECT attr.attname, seq.relname
 FROM pg_class seq,
 pg_attribute attr,
 pg_depend dep,
 pg_namespace name,
 pg_constraint cons
 WHERE seq.oid = dep.objid
 AND seq.relkind = 'S'
 AND attr.attrelid = dep.refobjid
 AND attr.attnum = dep.refobjsubid
 AND attr.attrelid = cons.conrelid
 AND attr.attnum = cons.conkey[1]
 AND cons.contype = 'p'
 AND dep.refobjid = '"answers"'::regclass
[0m
  [1m[35m (4.5ms)[0m   SELECT distinct i.relname, d.indisunique, d.indkey, pg_get_indexdef(d.indexrelid), t.oid
 FROM pg_class t
 INNER JOIN pg_index d ON t.oid = d.indrelid
 INNER JOIN pg_class i ON d.indexrelid = i.oid
 WHERE i.relkind = 'i'
 AND d.indisprimary = 'f'
 AND t.relname = 'answers'
 AND i.relnamespace IN (SELECT oid FROM pg_namespace WHERE nspname = ANY (current_schemas(false)) )
 ORDER BY i.relname

  [1m[36mPK and serial sequence (4.2ms)[0m  [1m SELECT attr.attname, seq.relname
 FROM pg_class seq,
 pg_attribute attr,
 pg_depend dep,
 pg_namespace name,
 pg_constraint cons
 WHERE seq.oid = dep.objid
 AND seq.relkind = 'S'
 AND attr.attrelid = dep.refobjid
 AND attr.attnum = dep.refobjsubid
 AND attr.attrelid = cons.conrelid
 AND attr.attnum = cons.conkey[1]
 AND cons.contype = 'p'
 AND dep.refobjid = '"numbers"'::regclass
[0m
  [1m[35m (1.9ms)[0m   SELECT distinct i.relname, d.indisunique, d.indkey, pg_get_indexdef(d.indexrelid), t.oid
 FROM pg_class t
 INNER JOIN pg_index d ON t.oid = d.indrelid
 INNER JOIN pg_class i ON d.indexrelid = i.oid
 WHERE i.relkind = 'i'
 AND d.indisprimary = 'f'
 AND t.relname = 'numbers'
 AND i.relnamespace IN (SELECT oid FROM pg_namespace WHERE nspname = ANY (current_schemas(false)) )
 ORDER BY i.relname

  [1m[36mPK and serial sequence (3.8ms)[0m  [1m SELECT attr.attname, seq.relname
 FROM pg_class seq,
 pg_attribute attr,
 pg_depend dep,
 pg_namespace name,
 pg_constraint cons
 WHERE seq.oid = dep.objid
 AND seq.relkind = 'S'
 AND attr.attrelid = dep.refobjid
 AND attr.attnum = dep.refobjsubid
 AND attr.attrelid = cons.conrelid
 AND attr.attnum = cons.conkey[1]
 AND cons.contype = 'p'
 AND dep.refobjid = '"polls"'::regclass
[0m
  [1m[35m (1.5ms)[0m   SELECT distinct i.relname, d.indisunique, d.indkey, pg_get_indexdef(d.indexrelid), t.oid
 FROM pg_class t
 INNER JOIN pg_index d ON t.oid = d.indrelid
 INNER JOIN pg_class i ON d.indexrelid = i.oid
 WHERE i.relkind = 'i'
 AND d.indisprimary = 'f'
 AND t.relname = 'polls'
 AND i.relnamespace IN (SELECT oid FROM pg_namespace WHERE nspname = ANY (current_schemas(false)) )
 ORDER BY i.relname

Connecting to database specified by database.yml
Connecting to database specified by database.yml
  [1m[36m (0.7ms)[0m  [1mSELECT "schema_migrations"."version" FROM "schema_migrations" [0m
Migrating to CreateNumbers (20121020035236)
Migrating to CreateAnswers (20121020040756)
Migrating to CreatePolls (20121020041122)
Migrating to AddPollIdToAnswers (20121020041605)
Migrating to AddNumberIdToAnswers (20121020042948)
Migrating to RemoveNumberFromNumber (20121020045552)
Migrating to AddNumberToNumber (20121020045713)
  [1m[35m (0.2ms)[0m  BEGIN
  [1m[36m (1.7ms)[0m  [1mALTER TABLE "numbers" ADD COLUMN "number" character varying(255)[0m
  [1m[35m (0.3ms)[0m  INSERT INTO "schema_migrations" ("version") VALUES ('20121020045713')
  [1m[36m (0.5ms)[0m  [1mCOMMIT[0m
  [1m[35m (0.4ms)[0m  SELECT "schema_migrations"."version" FROM "schema_migrations" 
  [1m[36mPK and serial sequence (6.2ms)[0m  [1m SELECT attr.attname, seq.relname
 FROM pg_class seq,
 pg_attribute attr,
 pg_depend dep,
 pg_namespace name,
 pg_constraint cons
 WHERE seq.oid = dep.objid
 AND seq.relkind = 'S'
 AND attr.attrelid = dep.refobjid
 AND attr.attnum = dep.refobjsubid
 AND attr.attrelid = cons.conrelid
 AND attr.attnum = cons.conkey[1]
 AND cons.contype = 'p'
 AND dep.refobjid = '"answers"'::regclass
[0m
  [1m[35m (6.0ms)[0m   SELECT distinct i.relname, d.indisunique, d.indkey, pg_get_indexdef(d.indexrelid), t.oid
 FROM pg_class t
 INNER JOIN pg_index d ON t.oid = d.indrelid
 INNER JOIN pg_class i ON d.indexrelid = i.oid
 WHERE i.relkind = 'i'
 AND d.indisprimary = 'f'
 AND t.relname = 'answers'
 AND i.relnamespace IN (SELECT oid FROM pg_namespace WHERE nspname = ANY (current_schemas(false)) )
 ORDER BY i.relname

  [1m[36mPK and serial sequence (3.0ms)[0m  [1m SELECT attr.attname, seq.relname
 FROM pg_class seq,
 pg_attribute attr,
 pg_depend dep,
 pg_namespace name,
 pg_constraint cons
 WHERE seq.oid = dep.objid
 AND seq.relkind = 'S'
 AND attr.attrelid = dep.refobjid
 AND attr.attnum = dep.refobjsubid
 AND attr.attrelid = cons.conrelid
 AND attr.attnum = cons.conkey[1]
 AND cons.contype = 'p'
 AND dep.refobjid = '"numbers"'::regclass
[0m
  [1m[35m (1.4ms)[0m   SELECT distinct i.relname, d.indisunique, d.indkey, pg_get_indexdef(d.indexrelid), t.oid
 FROM pg_class t
 INNER JOIN pg_index d ON t.oid = d.indrelid
 INNER JOIN pg_class i ON d.indexrelid = i.oid
 WHERE i.relkind = 'i'
 AND d.indisprimary = 'f'
 AND t.relname = 'numbers'
 AND i.relnamespace IN (SELECT oid FROM pg_namespace WHERE nspname = ANY (current_schemas(false)) )
 ORDER BY i.relname

  [1m[36mPK and serial sequence (3.0ms)[0m  [1m SELECT attr.attname, seq.relname
 FROM pg_class seq,
 pg_attribute attr,
 pg_depend dep,
 pg_namespace name,
 pg_constraint cons
 WHERE seq.oid = dep.objid
 AND seq.relkind = 'S'
 AND attr.attrelid = dep.refobjid
 AND attr.attnum = dep.refobjsubid
 AND attr.attrelid = cons.conrelid
 AND attr.attnum = cons.conkey[1]
 AND cons.contype = 'p'
 AND dep.refobjid = '"polls"'::regclass
[0m
  [1m[35m (1.8ms)[0m   SELECT distinct i.relname, d.indisunique, d.indkey, pg_get_indexdef(d.indexrelid), t.oid
 FROM pg_class t
 INNER JOIN pg_index d ON t.oid = d.indrelid
 INNER JOIN pg_class i ON d.indexrelid = i.oid
 WHERE i.relkind = 'i'
 AND d.indisprimary = 'f'
 AND t.relname = 'polls'
 AND i.relnamespace IN (SELECT oid FROM pg_namespace WHERE nspname = ANY (current_schemas(false)) )
 ORDER BY i.relname



Started GET "/polls" for 127.0.0.1 at 2012-10-20 00:17:50 -0500
Connecting to database specified by database.yml
Processing by PollsController#index as HTML
  [1m[36mPoll Load (0.5ms)[0m  [1mSELECT "polls".* FROM "polls" [0m
  Rendered polls/index.html.erb within layouts/application (20.5ms)
Completed 200 OK in 114ms (Views: 70.8ms | ActiveRecord: 13.0ms)


Started GET "/assets/application.css?body=1" for 127.0.0.1 at 2012-10-20 00:17:51 -0500
Served asset /application.css - 304 Not Modified (9ms)


Started GET "/assets/scaffolds.css?body=1" for 127.0.0.1 at 2012-10-20 00:17:51 -0500
Served asset /scaffolds.css - 304 Not Modified (1ms)


Started GET "/assets/jquery.js?body=1" for 127.0.0.1 at 2012-10-20 00:17:51 -0500
Served asset /jquery.js - 304 Not Modified (2ms)


Started GET "/assets/polls.css?body=1" for 127.0.0.1 at 2012-10-20 00:17:51 -0500
Served asset /polls.css - 304 Not Modified (1ms)


Started GET "/assets/jquery_ujs.js?body=1" for 127.0.0.1 at 2012-10-20 00:17:51 -0500
Served asset /jquery_ujs.js - 304 Not Modified (2ms)


Started GET "/assets/polls.js?body=1" for 127.0.0.1 at 2012-10-20 00:17:51 -0500
Served asset /polls.js - 304 Not Modified (1ms)


Started GET "/assets/application.js?body=1" for 127.0.0.1 at 2012-10-20 00:17:51 -0500
Served asset /application.js - 304 Not Modified (7ms)


Started GET "/polls/1/create_answer?number=5129640048" for 127.0.0.1 at 2012-10-20 00:18:06 -0500

ActionController::RoutingError (No route matches [GET] "/polls/1/create_answer"):
  actionpack (3.2.6) lib/action_dispatch/middleware/debug_exceptions.rb:21:in `call'
  actionpack (3.2.6) lib/action_dispatch/middleware/show_exceptions.rb:56:in `call'
  railties (3.2.6) lib/rails/rack/logger.rb:26:in `call_app'
  railties (3.2.6) lib/rails/rack/logger.rb:16:in `call'
  actionpack (3.2.6) lib/action_dispatch/middleware/request_id.rb:22:in `call'
  rack (1.4.1) lib/rack/methodoverride.rb:21:in `call'
  rack (1.4.1) lib/rack/runtime.rb:17:in `call'
  activesupport (3.2.6) lib/active_support/cache/strategy/local_cache.rb:72:in `call'
  rack (1.4.1) lib/rack/lock.rb:15:in `call'
  actionpack (3.2.6) lib/action_dispatch/middleware/static.rb:62:in `call'
  railties (3.2.6) lib/rails/engine.rb:479:in `call'
  railties (3.2.6) lib/rails/application.rb:220:in `call'
  rack (1.4.1) lib/rack/content_length.rb:14:in `call'
  railties (3.2.6) lib/rails/rack/log_tailer.rb:17:in `call'
  rack (1.4.1) lib/rack/handler/webrick.rb:59:in `service'
  /Users/briansoule/.rvm/rubies/ruby-1.9.3-p194/lib/ruby/1.9.1/webrick/httpserver.rb:138:in `service'
  /Users/briansoule/.rvm/rubies/ruby-1.9.3-p194/lib/ruby/1.9.1/webrick/httpserver.rb:94:in `run'
  /Users/briansoule/.rvm/rubies/ruby-1.9.3-p194/lib/ruby/1.9.1/webrick/server.rb:191:in `block in start_thread'


  Rendered /Users/briansoule/.rvm/gems/ruby-1.9.3-p194/gems/actionpack-3.2.6/lib/action_dispatch/middleware/templates/rescues/routing_error.erb within rescues/layout (0.9ms)


Started GET "/polls/1/create_answer?number=5129640048" for 127.0.0.1 at 2012-10-20 00:20:02 -0500
Processing by PollsController#index as HTML
  Parameters: {"number"=>"5129640048", "id"=>"1"}
  [1m[35mPoll Load (0.4ms)[0m  SELECT "polls".* FROM "polls" 
  Rendered polls/index.html.erb within layouts/application (2.0ms)
Completed 200 OK in 21ms (Views: 8.0ms | ActiveRecord: 4.2ms)


Started GET "/assets/jquery.js?body=1" for 127.0.0.1 at 2012-10-20 00:20:02 -0500
Served asset /jquery.js - 304 Not Modified (0ms)


Started GET "/assets/polls.css?body=1" for 127.0.0.1 at 2012-10-20 00:20:03 -0500
Served asset /polls.css - 304 Not Modified (0ms)


Started GET "/assets/jquery_ujs.js?body=1" for 127.0.0.1 at 2012-10-20 00:20:03 -0500
Served asset /jquery_ujs.js - 304 Not Modified (0ms)


Started GET "/assets/scaffolds.css?body=1" for 127.0.0.1 at 2012-10-20 00:20:03 -0500
Served asset /scaffolds.css - 304 Not Modified (0ms)


Started GET "/assets/application.css?body=1" for 127.0.0.1 at 2012-10-20 00:20:03 -0500
Served asset /application.css - 304 Not Modified (0ms)


Started GET "/assets/polls.js?body=1" for 127.0.0.1 at 2012-10-20 00:20:03 -0500
Served asset /polls.js - 304 Not Modified (0ms)


Started GET "/assets/application.js?body=1" for 127.0.0.1 at 2012-10-20 00:20:03 -0500
Served asset /application.js - 304 Not Modified (0ms)


Started GET "/polls/1" for 127.0.0.1 at 2012-10-20 00:20:47 -0500
Processing by PollsController#show as HTML
  Parameters: {"id"=>"1"}
  [1m[36mPoll Load (1.0ms)[0m  [1mSELECT "polls".* FROM "polls" WHERE "polls"."id" = $1 LIMIT 1[0m  [["id", "1"]]
  Rendered polls/show.html.erb within layouts/application (6.1ms)
Completed 500 Internal Server Error in 11ms

ActionView::Template::Error (undefined method `answers' for #<Poll:0x007fa346f1a6a8>):
    12: 
    13: <p>
    14:   <b>Votes:</b>
    15:   <%= @poll.answers.inspect %>
    16: </p>
    17: 
    18: 
  app/views/polls/show.html.erb:15:in `_app_views_polls_show_html_erb___3196936588607992718_70169613130520'
  app/controllers/polls_controller.rb:18:in `show'


  Rendered /Users/briansoule/.rvm/gems/ruby-1.9.3-p194/gems/actionpack-3.2.6/lib/action_dispatch/middleware/templates/rescues/_trace.erb (5.1ms)
  Rendered /Users/briansoule/.rvm/gems/ruby-1.9.3-p194/gems/actionpack-3.2.6/lib/action_dispatch/middleware/templates/rescues/_request_and_response.erb (1.1ms)
  Rendered /Users/briansoule/.rvm/gems/ruby-1.9.3-p194/gems/actionpack-3.2.6/lib/action_dispatch/middleware/templates/rescues/template_error.erb within rescues/layout (16.4ms)


Started GET "/polls/1" for 127.0.0.1 at 2012-10-20 00:21:06 -0500
Processing by PollsController#show as HTML
  Parameters: {"id"=>"1"}
  [1m[35mPoll Load (0.5ms)[0m  SELECT "polls".* FROM "polls" WHERE "polls"."id" = $1 LIMIT 1  [["id", "1"]]
  Rendered polls/show.html.erb within layouts/application (2.1ms)
Completed 500 Internal Server Error in 6ms

ActionView::Template::Error (undefined method `answer' for #<Poll:0x007fa34596e390>):
    12: 
    13: <p>
    14:   <b>Votes:</b>
    15:   <%= @poll.answer.inspect %>
    16: </p>
    17: 
    18: 
  app/views/polls/show.html.erb:15:in `_app_views_polls_show_html_erb___3196936588607992718_70169607805880'
  app/controllers/polls_controller.rb:18:in `show'


  Rendered /Users/briansoule/.rvm/gems/ruby-1.9.3-p194/gems/actionpack-3.2.6/lib/action_dispatch/middleware/templates/rescues/_trace.erb (6.4ms)
  Rendered /Users/briansoule/.rvm/gems/ruby-1.9.3-p194/gems/actionpack-3.2.6/lib/action_dispatch/middleware/templates/rescues/_request_and_response.erb (1.8ms)
  Rendered /Users/briansoule/.rvm/gems/ruby-1.9.3-p194/gems/actionpack-3.2.6/lib/action_dispatch/middleware/templates/rescues/template_error.erb within rescues/layout (18.8ms)


Started GET "/polls/1" for 127.0.0.1 at 2012-10-20 00:21:45 -0500
Processing by PollsController#show as HTML
  Parameters: {"id"=>"1"}
  [1m[36mPoll Load (0.3ms)[0m  [1mSELECT "polls".* FROM "polls" WHERE "polls"."id" = $1 LIMIT 1[0m  [["id", "1"]]
  Rendered polls/show.html.erb within layouts/application (0.8ms)
Completed 500 Internal Server Error in 35ms

ActionView::Template::Error (undefined method `answer' for #<Poll:0x007fa346adf840>):
    12: 
    13: <p>
    14:   <b>Votes:</b>
    15:   <%= @poll.answer.inspect %>
    16: </p>
    17: 
    18: 
  app/views/polls/show.html.erb:15:in `_app_views_polls_show_html_erb___3196936588607992718_70169607805880'
  app/controllers/polls_controller.rb:18:in `show'


  Rendered /Users/briansoule/.rvm/gems/ruby-1.9.3-p194/gems/actionpack-3.2.6/lib/action_dispatch/middleware/templates/rescues/_trace.erb (3.3ms)
  Rendered /Users/briansoule/.rvm/gems/ruby-1.9.3-p194/gems/actionpack-3.2.6/lib/action_dispatch/middleware/templates/rescues/_request_and_response.erb (0.9ms)
  Rendered /Users/briansoule/.rvm/gems/ruby-1.9.3-p194/gems/actionpack-3.2.6/lib/action_dispatch/middleware/templates/rescues/template_error.erb within rescues/layout (9.5ms)


Started GET "/polls/1" for 127.0.0.1 at 2012-10-20 00:21:47 -0500
Processing by PollsController#show as HTML
  Parameters: {"id"=>"1"}
  [1m[35mPoll Load (0.4ms)[0m  SELECT "polls".* FROM "polls" WHERE "polls"."id" = $1 LIMIT 1  [["id", "1"]]
  Rendered polls/show.html.erb within layouts/application (1.3ms)
Completed 500 Internal Server Error in 4ms

ActionView::Template::Error (undefined method `answer' for #<Poll:0x007fa343a7f740>):
    12: 
    13: <p>
    14:   <b>Votes:</b>
    15:   <%= @poll.answer.inspect %>
    16: </p>
    17: 
    18: 
  app/views/polls/show.html.erb:15:in `_app_views_polls_show_html_erb___3196936588607992718_70169607805880'
  app/controllers/polls_controller.rb:18:in `show'


  Rendered /Users/briansoule/.rvm/gems/ruby-1.9.3-p194/gems/actionpack-3.2.6/lib/action_dispatch/middleware/templates/rescues/_trace.erb (3.1ms)
  Rendered /Users/briansoule/.rvm/gems/ruby-1.9.3-p194/gems/actionpack-3.2.6/lib/action_dispatch/middleware/templates/rescues/_request_and_response.erb (1.1ms)
  Rendered /Users/briansoule/.rvm/gems/ruby-1.9.3-p194/gems/actionpack-3.2.6/lib/action_dispatch/middleware/templates/rescues/template_error.erb within rescues/layout (9.8ms)


Started GET "/polls/1" for 127.0.0.1 at 2012-10-20 00:21:48 -0500
Processing by PollsController#show as HTML
  Parameters: {"id"=>"1"}
  [1m[36mPoll Load (0.4ms)[0m  [1mSELECT "polls".* FROM "polls" WHERE "polls"."id" = $1 LIMIT 1[0m  [["id", "1"]]
  Rendered polls/show.html.erb within layouts/application (0.9ms)
Completed 500 Internal Server Error in 4ms

ActionView::Template::Error (undefined method `answer' for #<Poll:0x007fa346b80420>):
    12: 
    13: <p>
    14:   <b>Votes:</b>
    15:   <%= @poll.answer.inspect %>
    16: </p>
    17: 
    18: 
  app/views/polls/show.html.erb:15:in `_app_views_polls_show_html_erb___3196936588607992718_70169607805880'
  app/controllers/polls_controller.rb:18:in `show'


  Rendered /Users/briansoule/.rvm/gems/ruby-1.9.3-p194/gems/actionpack-3.2.6/lib/action_dispatch/middleware/templates/rescues/_trace.erb (4.1ms)
  Rendered /Users/briansoule/.rvm/gems/ruby-1.9.3-p194/gems/actionpack-3.2.6/lib/action_dispatch/middleware/templates/rescues/_request_and_response.erb (0.9ms)
  Rendered /Users/briansoule/.rvm/gems/ruby-1.9.3-p194/gems/actionpack-3.2.6/lib/action_dispatch/middleware/templates/rescues/template_error.erb within rescues/layout (11.3ms)


Started GET "/polls/1" for 127.0.0.1 at 2012-10-20 00:21:56 -0500
Processing by PollsController#show as HTML
  Parameters: {"id"=>"1"}
  [1m[35mPoll Load (0.4ms)[0m  SELECT "polls".* FROM "polls" WHERE "polls"."id" = $1 LIMIT 1  [["id", "1"]]
  [1m[36mAnswer Load (0.5ms)[0m  [1mSELECT "answers".* FROM "answers" WHERE "answers"."poll_id" = 1[0m
  Rendered polls/show.html.erb within layouts/application (70.0ms)
Completed 200 OK in 79ms (Views: 73.0ms | ActiveRecord: 4.3ms)


Started GET "/assets/application.css?body=1" for 127.0.0.1 at 2012-10-20 00:21:57 -0500
Served asset /application.css - 304 Not Modified (0ms)


Started GET "/assets/polls.css?body=1" for 127.0.0.1 at 2012-10-20 00:21:57 -0500
Served asset /polls.css - 304 Not Modified (0ms)


Started GET "/assets/scaffolds.css?body=1" for 127.0.0.1 at 2012-10-20 00:21:57 -0500
Served asset /scaffolds.css - 304 Not Modified (0ms)


Started GET "/assets/polls.js?body=1" for 127.0.0.1 at 2012-10-20 00:21:57 -0500
Served asset /polls.js - 304 Not Modified (0ms)


Started GET "/assets/jquery_ujs.js?body=1" for 127.0.0.1 at 2012-10-20 00:21:57 -0500
Served asset /jquery_ujs.js - 304 Not Modified (0ms)


Started GET "/assets/application.js?body=1" for 127.0.0.1 at 2012-10-20 00:21:57 -0500
Served asset /application.js - 304 Not Modified (0ms)


Started GET "/assets/jquery.js?body=1" for 127.0.0.1 at 2012-10-20 00:21:57 -0500
Served asset /jquery.js - 304 Not Modified (0ms)


Started GET "/polls/1/create_answer?number=5129640049" for 127.0.0.1 at 2012-10-20 00:22:22 -0500
Processing by PollsController#index as HTML
  Parameters: {"number"=>"5129640049", "id"=>"1"}
  [1m[35mPoll Load (0.4ms)[0m  SELECT "polls".* FROM "polls" 
  Rendered polls/index.html.erb within layouts/application (3.1ms)
Completed 200 OK in 12ms (Views: 9.8ms | ActiveRecord: 0.4ms)


Started GET "/polls/1" for 127.0.0.1 at 2012-10-20 00:22:24 -0500
Processing by PollsController#show as HTML
  Parameters: {"id"=>"1"}
  [1m[36mPoll Load (0.3ms)[0m  [1mSELECT "polls".* FROM "polls" WHERE "polls"."id" = $1 LIMIT 1[0m  [["id", "1"]]
  [1m[35mAnswer Load (0.4ms)[0m  SELECT "answers".* FROM "answers" WHERE "answers"."poll_id" = 1
  Rendered polls/show.html.erb within layouts/application (1.8ms)
Completed 200 OK in 7ms (Views: 5.4ms | ActiveRecord: 0.7ms)


Started GET "/assets/application.css?body=1" for 127.0.0.1 at 2012-10-20 00:22:24 -0500
Served asset /application.css - 304 Not Modified (0ms)


Started GET "/assets/jquery.js?body=1" for 127.0.0.1 at 2012-10-20 00:22:24 -0500
Served asset /jquery.js - 304 Not Modified (0ms)


Started GET "/assets/polls.css?body=1" for 127.0.0.1 at 2012-10-20 00:22:24 -0500
Served asset /polls.css - 304 Not Modified (0ms)


Started GET "/assets/polls.js?body=1" for 127.0.0.1 at 2012-10-20 00:22:24 -0500
Served asset /polls.js - 304 Not Modified (0ms)


Started GET "/assets/scaffolds.css?body=1" for 127.0.0.1 at 2012-10-20 00:22:24 -0500
Served asset /scaffolds.css - 304 Not Modified (0ms)


Started GET "/assets/jquery_ujs.js?body=1" for 127.0.0.1 at 2012-10-20 00:22:24 -0500
Served asset /jquery_ujs.js - 304 Not Modified (0ms)


Started GET "/assets/application.js?body=1" for 127.0.0.1 at 2012-10-20 00:22:24 -0500
Served asset /application.js - 304 Not Modified (0ms)
Connecting to database specified by database.yml
Connecting to database specified by database.yml
  [1m[36m (1.0ms)[0m  [1mSELECT "schema_migrations"."version" FROM "schema_migrations" [0m
Migrating to CreateNumbers (20121020035236)
Migrating to CreateAnswers (20121020040756)
Migrating to CreatePolls (20121020041122)
Migrating to AddPollIdToAnswers (20121020041605)
Migrating to AddNumberIdToAnswers (20121020042948)
Migrating to RemoveNumberFromNumber (20121020045552)
Migrating to AddNumberToNumber (20121020045713)
Migrating to AddNumberToAnswer (20121020052348)
  [1m[35m (0.1ms)[0m  BEGIN
  [1m[36m (1.6ms)[0m  [1mALTER TABLE "answers" ADD COLUMN "number" character varying(255)[0m
  [1m[35m (0.3ms)[0m  INSERT INTO "schema_migrations" ("version") VALUES ('20121020052348')
  [1m[36m (0.8ms)[0m  [1mCOMMIT[0m
  [1m[35m (0.8ms)[0m  SELECT "schema_migrations"."version" FROM "schema_migrations" 
  [1m[36mPK and serial sequence (6.1ms)[0m  [1m SELECT attr.attname, seq.relname
 FROM pg_class seq,
 pg_attribute attr,
 pg_depend dep,
 pg_namespace name,
 pg_constraint cons
 WHERE seq.oid = dep.objid
 AND seq.relkind = 'S'
 AND attr.attrelid = dep.refobjid
 AND attr.attnum = dep.refobjsubid
 AND attr.attrelid = cons.conrelid
 AND attr.attnum = cons.conkey[1]
 AND cons.contype = 'p'
 AND dep.refobjid = '"answers"'::regclass
[0m
  [1m[35m (4.6ms)[0m   SELECT distinct i.relname, d.indisunique, d.indkey, pg_get_indexdef(d.indexrelid), t.oid
 FROM pg_class t
 INNER JOIN pg_index d ON t.oid = d.indrelid
 INNER JOIN pg_class i ON d.indexrelid = i.oid
 WHERE i.relkind = 'i'
 AND d.indisprimary = 'f'
 AND t.relname = 'answers'
 AND i.relnamespace IN (SELECT oid FROM pg_namespace WHERE nspname = ANY (current_schemas(false)) )
 ORDER BY i.relname

  [1m[36mPK and serial sequence (3.5ms)[0m  [1m SELECT attr.attname, seq.relname
 FROM pg_class seq,
 pg_attribute attr,
 pg_depend dep,
 pg_namespace name,
 pg_constraint cons
 WHERE seq.oid = dep.objid
 AND seq.relkind = 'S'
 AND attr.attrelid = dep.refobjid
 AND attr.attnum = dep.refobjsubid
 AND attr.attrelid = cons.conrelid
 AND attr.attnum = cons.conkey[1]
 AND cons.contype = 'p'
 AND dep.refobjid = '"numbers"'::regclass
[0m
  [1m[35m (1.6ms)[0m   SELECT distinct i.relname, d.indisunique, d.indkey, pg_get_indexdef(d.indexrelid), t.oid
 FROM pg_class t
 INNER JOIN pg_index d ON t.oid = d.indrelid
 INNER JOIN pg_class i ON d.indexrelid = i.oid
 WHERE i.relkind = 'i'
 AND d.indisprimary = 'f'
 AND t.relname = 'numbers'
 AND i.relnamespace IN (SELECT oid FROM pg_namespace WHERE nspname = ANY (current_schemas(false)) )
 ORDER BY i.relname

  [1m[36mPK and serial sequence (3.0ms)[0m  [1m SELECT attr.attname, seq.relname
 FROM pg_class seq,
 pg_attribute attr,
 pg_depend dep,
 pg_namespace name,
 pg_constraint cons
 WHERE seq.oid = dep.objid
 AND seq.relkind = 'S'
 AND attr.attrelid = dep.refobjid
 AND attr.attnum = dep.refobjsubid
 AND attr.attrelid = cons.conrelid
 AND attr.attnum = cons.conkey[1]
 AND cons.contype = 'p'
 AND dep.refobjid = '"polls"'::regclass
[0m
  [1m[35m (1.9ms)[0m   SELECT distinct i.relname, d.indisunique, d.indkey, pg_get_indexdef(d.indexrelid), t.oid
 FROM pg_class t
 INNER JOIN pg_index d ON t.oid = d.indrelid
 INNER JOIN pg_class i ON d.indexrelid = i.oid
 WHERE i.relkind = 'i'
 AND d.indisprimary = 'f'
 AND t.relname = 'polls'
 AND i.relnamespace IN (SELECT oid FROM pg_namespace WHERE nspname = ANY (current_schemas(false)) )
 ORDER BY i.relname



Started GET "/polls/1/create_answer?number=5129640049" for 127.0.0.1 at 2012-10-20 00:26:23 -0500
Connecting to database specified by database.yml
Processing by PollsController#index as HTML
  Parameters: {"number"=>"5129640049", "id"=>"1"}
  [1m[36mPoll Load (0.7ms)[0m  [1mSELECT "polls".* FROM "polls" [0m
  Rendered polls/index.html.erb within layouts/application (6.2ms)
Completed 200 OK in 110ms (Views: 63.2ms | ActiveRecord: 11.6ms)


Started GET "/assets/application.css?body=1" for 127.0.0.1 at 2012-10-20 00:26:24 -0500
Served asset /application.css - 304 Not Modified (10ms)


Started GET "/assets/polls.css?body=1" for 127.0.0.1 at 2012-10-20 00:26:24 -0500
Served asset /polls.css - 304 Not Modified (1ms)


Started GET "/assets/scaffolds.css?body=1" for 127.0.0.1 at 2012-10-20 00:26:24 -0500
Served asset /scaffolds.css - 304 Not Modified (2ms)


Started GET "/assets/jquery.js?body=1" for 127.0.0.1 at 2012-10-20 00:26:24 -0500
Served asset /jquery.js - 304 Not Modified (3ms)


Started GET "/assets/jquery_ujs.js?body=1" for 127.0.0.1 at 2012-10-20 00:26:24 -0500
Served asset /jquery_ujs.js - 304 Not Modified (2ms)


Started GET "/assets/polls.js?body=1" for 127.0.0.1 at 2012-10-20 00:26:24 -0500
Served asset /polls.js - 304 Not Modified (2ms)


Started GET "/assets/application.js?body=1" for 127.0.0.1 at 2012-10-20 00:26:24 -0500
Served asset /application.js - 304 Not Modified (6ms)


Started GET "/polls/1" for 127.0.0.1 at 2012-10-20 00:26:25 -0500
Processing by PollsController#show as HTML
  Parameters: {"id"=>"1"}
  [1m[35mPoll Load (2.8ms)[0m  SELECT "polls".* FROM "polls" WHERE "polls"."id" = $1 LIMIT 1  [["id", "1"]]
  Rendered polls/show.html.erb within layouts/application (28.6ms)
Completed 500 Internal Server Error in 34ms

ActionView::Template::Error (undefined local variable or method `each' for #<#<Class:0x007fc81f4f7e20>:0x007fc81f5c17e8>):
    12: 
    13: <p>
    14:   <b>Votes:</b>
    15:   <% @poll.answers each do |a| %>
    16: 	<%= a.number %>
    17:   <% end %>
    18: </p>
  app/views/polls/show.html.erb:15:in `_app_views_polls_show_html_erb___1616486543923583401_70248748155620'
  app/controllers/polls_controller.rb:18:in `show'


  Rendered /Users/briansoule/.rvm/gems/ruby-1.9.3-p194/gems/actionpack-3.2.6/lib/action_dispatch/middleware/templates/rescues/_trace.erb (3.7ms)
  Rendered /Users/briansoule/.rvm/gems/ruby-1.9.3-p194/gems/actionpack-3.2.6/lib/action_dispatch/middleware/templates/rescues/_request_and_response.erb (1.2ms)
  Rendered /Users/briansoule/.rvm/gems/ruby-1.9.3-p194/gems/actionpack-3.2.6/lib/action_dispatch/middleware/templates/rescues/template_error.erb within rescues/layout (11.1ms)


Started GET "/polls/1" for 127.0.0.1 at 2012-10-20 00:26:59 -0500
Processing by PollsController#show as HTML
  Parameters: {"id"=>"1"}
  [1m[36mPoll Load (0.4ms)[0m  [1mSELECT "polls".* FROM "polls" WHERE "polls"."id" = $1 LIMIT 1[0m  [["id", "1"]]
  [1m[35mAnswer Load (0.6ms)[0m  SELECT "answers".* FROM "answers" WHERE "answers"."poll_id" = 1
  Rendered polls/show.html.erb within layouts/application (35.6ms)
Completed 200 OK in 44ms (Views: 38.5ms | ActiveRecord: 4.1ms)


Started GET "/assets/application.css?body=1" for 127.0.0.1 at 2012-10-20 00:26:59 -0500
Served asset /application.css - 304 Not Modified (0ms)


Started GET "/assets/polls.css?body=1" for 127.0.0.1 at 2012-10-20 00:26:59 -0500
Served asset /polls.css - 304 Not Modified (0ms)


Started GET "/assets/scaffolds.css?body=1" for 127.0.0.1 at 2012-10-20 00:26:59 -0500
Served asset /scaffolds.css - 304 Not Modified (0ms)


Started GET "/assets/jquery.js?body=1" for 127.0.0.1 at 2012-10-20 00:26:59 -0500
Served asset /jquery.js - 304 Not Modified (0ms)


Started GET "/assets/jquery_ujs.js?body=1" for 127.0.0.1 at 2012-10-20 00:26:59 -0500
Served asset /jquery_ujs.js - 304 Not Modified (0ms)


Started GET "/assets/polls.js?body=1" for 127.0.0.1 at 2012-10-20 00:26:59 -0500
Served asset /polls.js - 304 Not Modified (0ms)


Started GET "/assets/application.js?body=1" for 127.0.0.1 at 2012-10-20 00:26:59 -0500
Served asset /application.js - 304 Not Modified (0ms)
Connecting to database specified by database.yml


Started GET "/polls/1" for 127.0.0.1 at 2012-10-20 00:29:21 -0500
Connecting to database specified by database.yml
Processing by PollsController#show as HTML
  Parameters: {"id"=>"1"}
  [1m[36mPoll Load (1.1ms)[0m  [1mSELECT "polls".* FROM "polls" WHERE "polls"."id" = $1 LIMIT 1[0m  [["id", "1"]]
  [1m[35mAnswer Load (0.6ms)[0m  SELECT "answers".* FROM "answers" WHERE "answers"."poll_id" = 1
  Rendered polls/show.html.erb within layouts/application (59.1ms)
Completed 200 OK in 149ms (Views: 98.2ms | ActiveRecord: 19.9ms)


Started GET "/assets/scaffolds.css?body=1" for 127.0.0.1 at 2012-10-20 00:29:22 -0500
Served asset /scaffolds.css - 304 Not Modified (1ms)


Started GET "/assets/polls.css?body=1" for 127.0.0.1 at 2012-10-20 00:29:22 -0500
Served asset /polls.css - 304 Not Modified (1ms)


Started GET "/assets/jquery.js?body=1" for 127.0.0.1 at 2012-10-20 00:29:22 -0500
Served asset /jquery.js - 304 Not Modified (4ms)


Started GET "/assets/polls.js?body=1" for 127.0.0.1 at 2012-10-20 00:29:22 -0500
Served asset /polls.js - 304 Not Modified (1ms)


Started GET "/assets/application.css?body=1" for 127.0.0.1 at 2012-10-20 00:29:22 -0500
Served asset /application.css - 304 Not Modified (2ms)


Started GET "/assets/jquery_ujs.js?body=1" for 127.0.0.1 at 2012-10-20 00:29:22 -0500
Served asset /jquery_ujs.js - 304 Not Modified (2ms)


Started GET "/assets/application.js?body=1" for 127.0.0.1 at 2012-10-20 00:29:22 -0500
Served asset /application.js - 304 Not Modified (6ms)


Started GET "/polls/1" for 127.0.0.1 at 2012-10-20 00:30:10 -0500
Connecting to database specified by database.yml
Processing by PollsController#show as HTML
  Parameters: {"id"=>"1"}
  [1m[36mPoll Load (1.0ms)[0m  [1mSELECT "polls".* FROM "polls" WHERE "polls"."id" = $1 LIMIT 1[0m  [["id", "1"]]
  [1m[35mAnswer Load (0.6ms)[0m  SELECT "answers".* FROM "answers" WHERE "answers"."poll_id" = 1
  Rendered polls/show.html.erb within layouts/application (55.4ms)
Completed 200 OK in 129ms (Views: 82.1ms | ActiveRecord: 18.6ms)


Started GET "/assets/scaffolds.css?body=1" for 127.0.0.1 at 2012-10-20 00:30:11 -0500
Served asset /scaffolds.css - 304 Not Modified (1ms)


Started GET "/assets/jquery.js?body=1" for 127.0.0.1 at 2012-10-20 00:30:11 -0500
Served asset /jquery.js - 304 Not Modified (2ms)


Started GET "/assets/application.css?body=1" for 127.0.0.1 at 2012-10-20 00:30:11 -0500
Served asset /application.css - 304 Not Modified (4ms)


Started GET "/assets/polls.js?body=1" for 127.0.0.1 at 2012-10-20 00:30:11 -0500
Served asset /polls.js - 304 Not Modified (1ms)


Started GET "/assets/jquery_ujs.js?body=1" for 127.0.0.1 at 2012-10-20 00:30:11 -0500
Served asset /jquery_ujs.js - 304 Not Modified (1ms)


Started GET "/assets/polls.css?body=1" for 127.0.0.1 at 2012-10-20 00:30:11 -0500
Served asset /polls.css - 304 Not Modified (1ms)


Started GET "/assets/application.js?body=1" for 127.0.0.1 at 2012-10-20 00:30:11 -0500
Served asset /application.js - 304 Not Modified (4ms)


Started GET "/polls/1/create_answer?number=5129640046&affirmative=t" for 127.0.0.1 at 2012-10-20 00:31:26 -0500
Processing by PollsController#index as HTML
  Parameters: {"number"=>"5129640046", "affirmative"=>"t", "id"=>"1"}
  [1m[36mPoll Load (0.4ms)[0m  [1mSELECT "polls".* FROM "polls" [0m
  Rendered polls/index.html.erb within layouts/application (2.4ms)
Completed 200 OK in 34ms (Views: 22.8ms | ActiveRecord: 4.2ms)


Started GET "/polls/1" for 127.0.0.1 at 2012-10-20 00:31:29 -0500
Processing by PollsController#show as HTML
  Parameters: {"id"=>"1"}
  [1m[35mPoll Load (0.4ms)[0m  SELECT "polls".* FROM "polls" WHERE "polls"."id" = $1 LIMIT 1  [["id", "1"]]
  [1m[36mAnswer Load (0.3ms)[0m  [1mSELECT "answers".* FROM "answers" WHERE "answers"."poll_id" = 1[0m
  Rendered polls/show.html.erb within layouts/application (15.2ms)
Completed 200 OK in 43ms (Views: 37.1ms | ActiveRecord: 4.4ms)


Started GET "/assets/application.css?body=1" for 127.0.0.1 at 2012-10-20 00:31:29 -0500
Served asset /application.css - 304 Not Modified (0ms)


Started GET "/assets/jquery.js?body=1" for 127.0.0.1 at 2012-10-20 00:31:29 -0500
Served asset /jquery.js - 304 Not Modified (0ms)


Started GET "/assets/scaffolds.css?body=1" for 127.0.0.1 at 2012-10-20 00:31:29 -0500
Served asset /scaffolds.css - 304 Not Modified (0ms)


Started GET "/assets/polls.css?body=1" for 127.0.0.1 at 2012-10-20 00:31:29 -0500
Served asset /polls.css - 304 Not Modified (0ms)


Started GET "/assets/polls.js?body=1" for 127.0.0.1 at 2012-10-20 00:31:29 -0500
Served asset /polls.js - 304 Not Modified (0ms)


Started GET "/assets/jquery_ujs.js?body=1" for 127.0.0.1 at 2012-10-20 00:31:29 -0500
Served asset /jquery_ujs.js - 304 Not Modified (0ms)


Started GET "/assets/application.js?body=1" for 127.0.0.1 at 2012-10-20 00:31:29 -0500
Served asset /application.js - 304 Not Modified (0ms)


Started GET "/polls/1" for 127.0.0.1 at 2012-10-20 00:31:31 -0500
Processing by PollsController#show as HTML
  Parameters: {"id"=>"1"}
  [1m[35mPoll Load (0.3ms)[0m  SELECT "polls".* FROM "polls" WHERE "polls"."id" = $1 LIMIT 1  [["id", "1"]]
  [1m[36mAnswer Load (0.5ms)[0m  [1mSELECT "answers".* FROM "answers" WHERE "answers"."poll_id" = 1[0m
  Rendered polls/show.html.erb within layouts/application (2.3ms)
Completed 200 OK in 8ms (Views: 6.6ms | ActiveRecord: 0.8ms)


Started GET "/assets/application.css?body=1" for 127.0.0.1 at 2012-10-20 00:31:31 -0500
Served asset /application.css - 304 Not Modified (0ms)


Started GET "/assets/polls.css?body=1" for 127.0.0.1 at 2012-10-20 00:31:31 -0500
Served asset /polls.css - 304 Not Modified (0ms)


Started GET "/assets/scaffolds.css?body=1" for 127.0.0.1 at 2012-10-20 00:31:31 -0500
Served asset /scaffolds.css - 304 Not Modified (0ms)


Started GET "/assets/jquery.js?body=1" for 127.0.0.1 at 2012-10-20 00:31:31 -0500
Served asset /jquery.js - 304 Not Modified (0ms)


Started GET "/assets/jquery_ujs.js?body=1" for 127.0.0.1 at 2012-10-20 00:31:31 -0500
Served asset /jquery_ujs.js - 304 Not Modified (0ms)


Started GET "/assets/polls.js?body=1" for 127.0.0.1 at 2012-10-20 00:31:31 -0500
Served asset /polls.js - 304 Not Modified (0ms)


Started GET "/assets/application.js?body=1" for 127.0.0.1 at 2012-10-20 00:31:31 -0500
Served asset /application.js - 304 Not Modified (0ms)


Started GET "/polls/1/create_answer?number=5129640046&affirmative=t" for 127.0.0.1 at 2012-10-20 00:32:52 -0500
Processing by PollsController#index as HTML
  Parameters: {"number"=>"5129640046", "affirmative"=>"t", "id"=>"1"}
  [1m[35mPoll Load (0.4ms)[0m  SELECT "polls".* FROM "polls" 
  Rendered polls/index.html.erb within layouts/application (2.7ms)
Completed 200 OK in 21ms (Views: 8.5ms | ActiveRecord: 3.6ms)


Started GET "/assets/application.css?body=1" for 127.0.0.1 at 2012-10-20 00:32:52 -0500
Served asset /application.css - 304 Not Modified (0ms)


Started GET "/assets/scaffolds.css?body=1" for 127.0.0.1 at 2012-10-20 00:32:52 -0500
Served asset /scaffolds.css - 304 Not Modified (0ms)


Started GET "/assets/polls.css?body=1" for 127.0.0.1 at 2012-10-20 00:32:52 -0500
Served asset /polls.css - 304 Not Modified (0ms)


Started GET "/assets/jquery.js?body=1" for 127.0.0.1 at 2012-10-20 00:32:52 -0500
Served asset /jquery.js - 304 Not Modified (0ms)


Started GET "/assets/jquery_ujs.js?body=1" for 127.0.0.1 at 2012-10-20 00:32:52 -0500
Served asset /jquery_ujs.js - 304 Not Modified (0ms)


Started GET "/assets/polls.js?body=1" for 127.0.0.1 at 2012-10-20 00:32:52 -0500
Served asset /polls.js - 304 Not Modified (0ms)


Started GET "/assets/application.js?body=1" for 127.0.0.1 at 2012-10-20 00:32:52 -0500
Served asset /application.js - 304 Not Modified (0ms)


Started GET "/polls/1" for 127.0.0.1 at 2012-10-20 00:32:54 -0500
Processing by PollsController#show as HTML
  Parameters: {"id"=>"1"}
  [1m[36mPoll Load (0.4ms)[0m  [1mSELECT "polls".* FROM "polls" WHERE "polls"."id" = $1 LIMIT 1[0m  [["id", "1"]]
  [1m[35mAnswer Load (0.4ms)[0m  SELECT "answers".* FROM "answers" WHERE "answers"."poll_id" = 1
  Rendered polls/show.html.erb within layouts/application (14.9ms)
Completed 200 OK in 22ms (Views: 15.9ms | ActiveRecord: 4.2ms)


Started GET "/assets/scaffolds.css?body=1" for 127.0.0.1 at 2012-10-20 00:32:54 -0500
Served asset /scaffolds.css - 304 Not Modified (0ms)


Started GET "/assets/polls.css?body=1" for 127.0.0.1 at 2012-10-20 00:32:54 -0500
Served asset /polls.css - 304 Not Modified (0ms)


Started GET "/assets/application.css?body=1" for 127.0.0.1 at 2012-10-20 00:32:54 -0500
Served asset /application.css - 304 Not Modified (0ms)


Started GET "/assets/jquery.js?body=1" for 127.0.0.1 at 2012-10-20 00:32:54 -0500
Served asset /jquery.js - 304 Not Modified (0ms)


Started GET "/assets/jquery_ujs.js?body=1" for 127.0.0.1 at 2012-10-20 00:32:54 -0500
Served asset /jquery_ujs.js - 304 Not Modified (0ms)


Started GET "/assets/polls.js?body=1" for 127.0.0.1 at 2012-10-20 00:32:54 -0500
Served asset /polls.js - 304 Not Modified (0ms)


Started GET "/assets/application.js?body=1" for 127.0.0.1 at 2012-10-20 00:32:54 -0500
Served asset /application.js - 304 Not Modified (0ms)


Started GET "/polls/1/create_answer?number=5129640046&affirmative=t" for 127.0.0.1 at 2012-10-20 00:33:23 -0500
Processing by PollsController#create_answer as HTML
  Parameters: {"number"=>"5129640046", "affirmative"=>"t", "id"=>"1"}
  [1m[36mPoll Load (0.3ms)[0m  [1mSELECT "polls".* FROM "polls" WHERE "polls"."id" = $1 LIMIT 1[0m  [["id", "1"]]
Completed 500 Internal Server Error in 23ms

NoMethodError (undefined method `answer' for #<Poll:0x007fd0a2a3a4b0>):
  app/controllers/polls_controller.rb:61:in `create_answer'


  Rendered /Users/briansoule/.rvm/gems/ruby-1.9.3-p194/gems/actionpack-3.2.6/lib/action_dispatch/middleware/templates/rescues/_trace.erb (2.6ms)
  Rendered /Users/briansoule/.rvm/gems/ruby-1.9.3-p194/gems/actionpack-3.2.6/lib/action_dispatch/middleware/templates/rescues/_request_and_response.erb (0.9ms)
  Rendered /Users/briansoule/.rvm/gems/ruby-1.9.3-p194/gems/actionpack-3.2.6/lib/action_dispatch/middleware/templates/rescues/diagnostics.erb within rescues/layout (12.7ms)


Started GET "/polls/1/create_answer?number=5129640046&affirmative=t" for 127.0.0.1 at 2012-10-20 00:34:07 -0500
Processing by PollsController#create_answer as HTML
  Parameters: {"number"=>"5129640046", "affirmative"=>"t", "id"=>"1"}
  [1m[35mPoll Load (0.5ms)[0m  SELECT "polls".* FROM "polls" WHERE "polls"."id" = $1 LIMIT 1  [["id", "1"]]
  [1m[36m (0.5ms)[0m  [1mBEGIN[0m
  [1m[35mSQL (20.7ms)[0m  INSERT INTO "answers" ("affirmative", "created_at", "number", "number_id", "poll_id", "updated_at") VALUES ($1, $2, $3, $4, $5, $6) RETURNING "id"  [["affirmative", true], ["created_at", Sat, 20 Oct 2012 05:34:07 UTC +00:00], ["number", "5129640046"], ["number_id", nil], ["poll_id", 1], ["updated_at", Sat, 20 Oct 2012 05:34:07 UTC +00:00]]
  [1m[36m (0.6ms)[0m  [1mCOMMIT[0m
  [1m[35m (0.1ms)[0m  BEGIN
  [1m[36m (0.1ms)[0m  [1mCOMMIT[0m
  [1m[35m (0.1ms)[0m  BEGIN
  [1m[36m (0.3ms)[0m  [1mCOMMIT[0m
Completed 500 Internal Server Error in 60ms

ActionView::MissingTemplate (Missing template polls/create_answer, application/create_answer with {:locale=>[:en], :formats=>[:html], :handlers=>[:erb, :builder, :coffee]}. Searched in:
  * "/Users/briansoule/Dropbox/Rails/opinio/app/views"
):
  actionpack (3.2.6) lib/action_view/path_set.rb:58:in `find'
  actionpack (3.2.6) lib/action_view/lookup_context.rb:109:in `find'
  actionpack (3.2.6) lib/action_view/renderer/abstract_renderer.rb:3:in `find_template'
  actionpack (3.2.6) lib/action_view/renderer/template_renderer.rb:34:in `determine_template'
  actionpack (3.2.6) lib/action_view/renderer/template_renderer.rb:10:in `render'
  actionpack (3.2.6) lib/action_view/renderer/renderer.rb:36:in `render_template'
  actionpack (3.2.6) lib/action_view/renderer/renderer.rb:17:in `render'
  actionpack (3.2.6) lib/abstract_controller/rendering.rb:110:in `_render_template'
  actionpack (3.2.6) lib/action_controller/metal/streaming.rb:225:in `_render_template'
  actionpack (3.2.6) lib/abstract_controller/rendering.rb:103:in `render_to_body'
  actionpack (3.2.6) lib/action_controller/metal/renderers.rb:28:in `render_to_body'
  actionpack (3.2.6) lib/action_controller/metal/compatibility.rb:50:in `render_to_body'
  actionpack (3.2.6) lib/abstract_controller/rendering.rb:88:in `render'
  actionpack (3.2.6) lib/action_controller/metal/rendering.rb:16:in `render'
  actionpack (3.2.6) lib/action_controller/metal/instrumentation.rb:40:in `block (2 levels) in render'
  activesupport (3.2.6) lib/active_support/core_ext/benchmark.rb:5:in `block in ms'
  /Users/briansoule/.rvm/rubies/ruby-1.9.3-p194/lib/ruby/1.9.1/benchmark.rb:295:in `realtime'
  activesupport (3.2.6) lib/active_support/core_ext/benchmark.rb:5:in `ms'
  actionpack (3.2.6) lib/action_controller/metal/instrumentation.rb:40:in `block in render'
  actionpack (3.2.6) lib/action_controller/metal/instrumentation.rb:83:in `cleanup_view_runtime'
  activerecord (3.2.6) lib/active_record/railties/controller_runtime.rb:24:in `cleanup_view_runtime'
  actionpack (3.2.6) lib/action_controller/metal/instrumentation.rb:39:in `render'
  actionpack (3.2.6) lib/action_controller/metal/implicit_render.rb:10:in `default_render'
  actionpack (3.2.6) lib/action_controller/metal/implicit_render.rb:5:in `send_action'
  actionpack (3.2.6) lib/abstract_controller/base.rb:167:in `process_action'
  actionpack (3.2.6) lib/action_controller/metal/rendering.rb:10:in `process_action'
  actionpack (3.2.6) lib/abstract_controller/callbacks.rb:18:in `block in process_action'
  activesupport (3.2.6) lib/active_support/callbacks.rb:414:in `_run__3794899047519499780__process_action__2379490530792899867__callbacks'
  activesupport (3.2.6) lib/active_support/callbacks.rb:405:in `__run_callback'
  activesupport (3.2.6) lib/active_support/callbacks.rb:385:in `_run_process_action_callbacks'
  activesupport (3.2.6) lib/active_support/callbacks.rb:81:in `run_callbacks'
  actionpack (3.2.6) lib/abstract_controller/callbacks.rb:17:in `process_action'
  actionpack (3.2.6) lib/action_controller/metal/rescue.rb:29:in `process_action'
  actionpack (3.2.6) lib/action_controller/metal/instrumentation.rb:30:in `block in process_action'
  activesupport (3.2.6) lib/active_support/notifications.rb:123:in `block in instrument'
  activesupport (3.2.6) lib/active_support/notifications/instrumenter.rb:20:in `instrument'
  activesupport (3.2.6) lib/active_support/notifications.rb:123:in `instrument'
  actionpack (3.2.6) lib/action_controller/metal/instrumentation.rb:29:in `process_action'
  actionpack (3.2.6) lib/action_controller/metal/params_wrapper.rb:206:in `process_action'
  activerecord (3.2.6) lib/active_record/railties/controller_runtime.rb:18:in `process_action'
  actionpack (3.2.6) lib/abstract_controller/base.rb:121:in `process'
  actionpack (3.2.6) lib/abstract_controller/rendering.rb:45:in `process'
  actionpack (3.2.6) lib/action_controller/metal.rb:203:in `dispatch'
  actionpack (3.2.6) lib/action_controller/metal/rack_delegation.rb:14:in `dispatch'
  actionpack (3.2.6) lib/action_controller/metal.rb:246:in `block in action'
  actionpack (3.2.6) lib/action_dispatch/routing/route_set.rb:73:in `call'
  actionpack (3.2.6) lib/action_dispatch/routing/route_set.rb:73:in `dispatch'
  actionpack (3.2.6) lib/action_dispatch/routing/route_set.rb:36:in `call'
  journey (1.0.4) lib/journey/router.rb:68:in `block in call'
  journey (1.0.4) lib/journey/router.rb:56:in `each'
  journey (1.0.4) lib/journey/router.rb:56:in `call'
  actionpack (3.2.6) lib/action_dispatch/routing/route_set.rb:600:in `call'
  actionpack (3.2.6) lib/action_dispatch/middleware/best_standards_support.rb:17:in `call'
  rack (1.4.1) lib/rack/etag.rb:23:in `call'
  rack (1.4.1) lib/rack/conditionalget.rb:25:in `call'
  actionpack (3.2.6) lib/action_dispatch/middleware/head.rb:14:in `call'
  actionpack (3.2.6) lib/action_dispatch/middleware/params_parser.rb:21:in `call'
  actionpack (3.2.6) lib/action_dispatch/middleware/flash.rb:242:in `call'
  rack (1.4.1) lib/rack/session/abstract/id.rb:205:in `context'
  rack (1.4.1) lib/rack/session/abstract/id.rb:200:in `call'
  actionpack (3.2.6) lib/action_dispatch/middleware/cookies.rb:338:in `call'
  activerecord (3.2.6) lib/active_record/query_cache.rb:64:in `call'
  activerecord (3.2.6) lib/active_record/connection_adapters/abstract/connection_pool.rb:473:in `call'
  actionpack (3.2.6) lib/action_dispatch/middleware/callbacks.rb:28:in `block in call'
  activesupport (3.2.6) lib/active_support/callbacks.rb:405:in `_run__1232951084896680944__call__849993716842875163__callbacks'
  activesupport (3.2.6) lib/active_support/callbacks.rb:405:in `__run_callback'
  activesupport (3.2.6) lib/active_support/callbacks.rb:385:in `_run_call_callbacks'
  activesupport (3.2.6) lib/active_support/callbacks.rb:81:in `run_callbacks'
  actionpack (3.2.6) lib/action_dispatch/middleware/callbacks.rb:27:in `call'
  actionpack (3.2.6) lib/action_dispatch/middleware/reloader.rb:65:in `call'
  actionpack (3.2.6) lib/action_dispatch/middleware/remote_ip.rb:31:in `call'
  actionpack (3.2.6) lib/action_dispatch/middleware/debug_exceptions.rb:16:in `call'
  actionpack (3.2.6) lib/action_dispatch/middleware/show_exceptions.rb:56:in `call'
  railties (3.2.6) lib/rails/rack/logger.rb:26:in `call_app'
  railties (3.2.6) lib/rails/rack/logger.rb:16:in `call'
  actionpack (3.2.6) lib/action_dispatch/middleware/request_id.rb:22:in `call'
  rack (1.4.1) lib/rack/methodoverride.rb:21:in `call'
  rack (1.4.1) lib/rack/runtime.rb:17:in `call'
  activesupport (3.2.6) lib/active_support/cache/strategy/local_cache.rb:72:in `call'
  rack (1.4.1) lib/rack/lock.rb:15:in `call'
  actionpack (3.2.6) lib/action_dispatch/middleware/static.rb:62:in `call'
  railties (3.2.6) lib/rails/engine.rb:479:in `call'
  railties (3.2.6) lib/rails/application.rb:220:in `call'
  rack (1.4.1) lib/rack/content_length.rb:14:in `call'
  railties (3.2.6) lib/rails/rack/log_tailer.rb:17:in `call'
  rack (1.4.1) lib/rack/handler/webrick.rb:59:in `service'
  /Users/briansoule/.rvm/rubies/ruby-1.9.3-p194/lib/ruby/1.9.1/webrick/httpserver.rb:138:in `service'
  /Users/briansoule/.rvm/rubies/ruby-1.9.3-p194/lib/ruby/1.9.1/webrick/httpserver.rb:94:in `run'
  /Users/briansoule/.rvm/rubies/ruby-1.9.3-p194/lib/ruby/1.9.1/webrick/server.rb:191:in `block in start_thread'


  Rendered /Users/briansoule/.rvm/gems/ruby-1.9.3-p194/gems/actionpack-3.2.6/lib/action_dispatch/middleware/templates/rescues/missing_template.erb within rescues/layout (0.5ms)


Started GET "/polls/1" for 127.0.0.1 at 2012-10-20 00:34:16 -0500
Processing by PollsController#show as HTML
  Parameters: {"id"=>"1"}
  [1m[35mPoll Load (0.3ms)[0m  SELECT "polls".* FROM "polls" WHERE "polls"."id" = $1 LIMIT 1  [["id", "1"]]
  [1m[36mAnswer Load (0.5ms)[0m  [1mSELECT "answers".* FROM "answers" WHERE "answers"."poll_id" = 1[0m
  Rendered polls/show.html.erb within layouts/application (2.9ms)
Completed 200 OK in 9ms (Views: 7.4ms | ActiveRecord: 0.8ms)


Started GET "/assets/application.css?body=1" for 127.0.0.1 at 2012-10-20 00:34:16 -0500
Served asset /application.css - 304 Not Modified (0ms)


Started GET "/assets/jquery_ujs.js?body=1" for 127.0.0.1 at 2012-10-20 00:34:16 -0500
Served asset /jquery_ujs.js - 304 Not Modified (0ms)


Started GET "/assets/polls.js?body=1" for 127.0.0.1 at 2012-10-20 00:34:16 -0500
Served asset /polls.js - 304 Not Modified (0ms)


Started GET "/assets/jquery.js?body=1" for 127.0.0.1 at 2012-10-20 00:34:16 -0500
Served asset /jquery.js - 304 Not Modified (0ms)


Started GET "/assets/scaffolds.css?body=1" for 127.0.0.1 at 2012-10-20 00:34:16 -0500
Served asset /scaffolds.css - 304 Not Modified (0ms)


Started GET "/assets/polls.css?body=1" for 127.0.0.1 at 2012-10-20 00:34:16 -0500
Served asset /polls.css - 304 Not Modified (0ms)


Started GET "/assets/application.js?body=1" for 127.0.0.1 at 2012-10-20 00:34:16 -0500
Served asset /application.js - 304 Not Modified (0ms)


Started GET "/polls/1" for 127.0.0.1 at 2012-10-20 00:34:32 -0500
Processing by PollsController#show as HTML
  Parameters: {"id"=>"1"}
  [1m[35mPoll Load (0.6ms)[0m  SELECT "polls".* FROM "polls" WHERE "polls"."id" = $1 LIMIT 1  [["id", "1"]]
  [1m[36mAnswer Load (0.5ms)[0m  [1mSELECT "answers".* FROM "answers" WHERE "answers"."poll_id" = 1[0m
  Rendered polls/show.html.erb within layouts/application (3.8ms)
Completed 200 OK in 14ms (Views: 11.5ms | ActiveRecord: 1.1ms)


Started GET "/assets/polls.css?body=1" for 127.0.0.1 at 2012-10-20 00:34:32 -0500
Served asset /polls.css - 304 Not Modified (0ms)


Started GET "/assets/jquery_ujs.js?body=1" for 127.0.0.1 at 2012-10-20 00:34:32 -0500
Served asset /jquery_ujs.js - 304 Not Modified (0ms)


Started GET "/assets/application.css?body=1" for 127.0.0.1 at 2012-10-20 00:34:32 -0500
Served asset /application.css - 304 Not Modified (0ms)


Started GET "/assets/scaffolds.css?body=1" for 127.0.0.1 at 2012-10-20 00:34:32 -0500
Served asset /scaffolds.css - 304 Not Modified (0ms)


Started GET "/assets/jquery.js?body=1" for 127.0.0.1 at 2012-10-20 00:34:32 -0500
Served asset /jquery.js - 304 Not Modified (0ms)


Started GET "/assets/polls.js?body=1" for 127.0.0.1 at 2012-10-20 00:34:32 -0500
Served asset /polls.js - 304 Not Modified (0ms)


Started GET "/assets/application.js?body=1" for 127.0.0.1 at 2012-10-20 00:34:32 -0500
Served asset /application.js - 304 Not Modified (0ms)


Started GET "/polls/1" for 127.0.0.1 at 2012-10-20 00:34:39 -0500
Processing by PollsController#show as HTML
  Parameters: {"id"=>"1"}
  [1m[35mPoll Load (0.5ms)[0m  SELECT "polls".* FROM "polls" WHERE "polls"."id" = $1 LIMIT 1  [["id", "1"]]
  [1m[36mAnswer Load (0.6ms)[0m  [1mSELECT "answers".* FROM "answers" WHERE "answers"."poll_id" = 1[0m
  Rendered polls/show.html.erb within layouts/application (3.0ms)
Completed 200 OK in 25ms (Views: 7.3ms | ActiveRecord: 1.1ms)


Started GET "/assets/application.css?body=1" for 127.0.0.1 at 2012-10-20 00:34:39 -0500
Served asset /application.css - 304 Not Modified (0ms)


Started GET "/assets/jquery.js?body=1" for 127.0.0.1 at 2012-10-20 00:34:39 -0500
Served asset /jquery.js - 304 Not Modified (0ms)


Started GET "/assets/polls.css?body=1" for 127.0.0.1 at 2012-10-20 00:34:39 -0500
Served asset /polls.css - 304 Not Modified (0ms)


Started GET "/assets/scaffolds.css?body=1" for 127.0.0.1 at 2012-10-20 00:34:39 -0500
Served asset /scaffolds.css - 304 Not Modified (0ms)


Started GET "/assets/polls.js?body=1" for 127.0.0.1 at 2012-10-20 00:34:39 -0500
Served asset /polls.js - 304 Not Modified (0ms)


Started GET "/assets/jquery_ujs.js?body=1" for 127.0.0.1 at 2012-10-20 00:34:39 -0500
Served asset /jquery_ujs.js - 304 Not Modified (0ms)


Started GET "/assets/application.js?body=1" for 127.0.0.1 at 2012-10-20 00:34:39 -0500
Served asset /application.js - 304 Not Modified (0ms)


Started GET "/polls" for 127.0.0.1 at 2012-10-20 00:34:55 -0500
Processing by PollsController#index as HTML
  [1m[35mPoll Load (0.4ms)[0m  SELECT "polls".* FROM "polls" 
  Rendered polls/index.html.erb within layouts/application (2.0ms)
Completed 200 OK in 8ms (Views: 6.5ms | ActiveRecord: 0.4ms)


Started GET "/assets/application.css?body=1" for 127.0.0.1 at 2012-10-20 00:34:55 -0500
Served asset /application.css - 304 Not Modified (0ms)


Started GET "/assets/scaffolds.css?body=1" for 127.0.0.1 at 2012-10-20 00:34:55 -0500
Served asset /scaffolds.css - 304 Not Modified (0ms)


Started GET "/assets/jquery_ujs.js?body=1" for 127.0.0.1 at 2012-10-20 00:34:55 -0500
Served asset /jquery_ujs.js - 304 Not Modified (0ms)


Started GET "/assets/polls.css?body=1" for 127.0.0.1 at 2012-10-20 00:34:55 -0500
Served asset /polls.css - 304 Not Modified (0ms)


Started GET "/assets/polls.js?body=1" for 127.0.0.1 at 2012-10-20 00:34:55 -0500
Served asset /polls.js - 304 Not Modified (0ms)


Started GET "/assets/jquery.js?body=1" for 127.0.0.1 at 2012-10-20 00:34:55 -0500
Served asset /jquery.js - 304 Not Modified (0ms)


Started GET "/assets/application.js?body=1" for 127.0.0.1 at 2012-10-20 00:34:55 -0500
Served asset /application.js - 304 Not Modified (0ms)


Started GET "/polls/1/edit" for 127.0.0.1 at 2012-10-20 00:34:56 -0500
Processing by PollsController#edit as HTML
  Parameters: {"id"=>"1"}
  [1m[36mPoll Load (0.3ms)[0m  [1mSELECT "polls".* FROM "polls" WHERE "polls"."id" = $1 LIMIT 1[0m  [["id", "1"]]
  Rendered polls/_form.html.erb (27.4ms)
  Rendered polls/edit.html.erb within layouts/application (33.5ms)
Completed 200 OK in 41ms (Views: 39.3ms | ActiveRecord: 0.3ms)


Started GET "/assets/application.css?body=1" for 127.0.0.1 at 2012-10-20 00:34:57 -0500
Served asset /application.css - 304 Not Modified (0ms)


Started GET "/assets/scaffolds.css?body=1" for 127.0.0.1 at 2012-10-20 00:34:57 -0500
Served asset /scaffolds.css - 304 Not Modified (0ms)


Started GET "/assets/jquery.js?body=1" for 127.0.0.1 at 2012-10-20 00:34:57 -0500
Served asset /jquery.js - 304 Not Modified (0ms)


Started GET "/assets/polls.css?body=1" for 127.0.0.1 at 2012-10-20 00:34:57 -0500
Served asset /polls.css - 304 Not Modified (0ms)


Started GET "/assets/polls.js?body=1" for 127.0.0.1 at 2012-10-20 00:34:57 -0500
Served asset /polls.js - 304 Not Modified (0ms)


Started GET "/assets/jquery_ujs.js?body=1" for 127.0.0.1 at 2012-10-20 00:34:57 -0500
Served asset /jquery_ujs.js - 304 Not Modified (0ms)


Started GET "/assets/application.js?body=1" for 127.0.0.1 at 2012-10-20 00:34:57 -0500
Served asset /application.js - 304 Not Modified (0ms)


Started PUT "/polls/1" for 127.0.0.1 at 2012-10-20 00:35:08 -0500
Processing by PollsController#update as HTML
  Parameters: {"utf8"=>"✓", "authenticity_token"=>"K4Sbp+xbXEd9nv5+QZLSZWFjDkCK4EDpoqjGBca0qDI=", "poll"=>{"name"=>"Cool Poll", "description"=>"This poll is better than all the other polls"}, "commit"=>"Update Poll", "id"=>"1"}
  [1m[35mPoll Load (0.5ms)[0m  SELECT "polls".* FROM "polls" WHERE "polls"."id" = $1 LIMIT 1  [["id", "1"]]
  [1m[36m (0.2ms)[0m  [1mBEGIN[0m
  [1m[35m (0.6ms)[0m  UPDATE "polls" SET "description" = 'This poll is better than all the other polls', "updated_at" = '2012-10-20 05:35:08.114818' WHERE "polls"."id" = 1
  [1m[36m (0.4ms)[0m  [1mCOMMIT[0m
Redirected to http://localhost:3000/polls/1
Completed 302 Found in 6ms (ActiveRecord: 1.6ms)


Started GET "/polls/1" for 127.0.0.1 at 2012-10-20 00:35:08 -0500
Processing by PollsController#show as HTML
  Parameters: {"id"=>"1"}
  [1m[35mPoll Load (0.4ms)[0m  SELECT "polls".* FROM "polls" WHERE "polls"."id" = $1 LIMIT 1  [["id", "1"]]
  [1m[36mAnswer Load (0.6ms)[0m  [1mSELECT "answers".* FROM "answers" WHERE "answers"."poll_id" = 1[0m
  Rendered polls/show.html.erb within layouts/application (2.2ms)
Completed 200 OK in 8ms (Views: 6.7ms | ActiveRecord: 1.0ms)


Started GET "/assets/application.css?body=1" for 127.0.0.1 at 2012-10-20 00:35:08 -0500
Served asset /application.css - 304 Not Modified (0ms)


Started GET "/assets/polls.js?body=1" for 127.0.0.1 at 2012-10-20 00:35:08 -0500
Served asset /polls.js - 304 Not Modified (0ms)


Started GET "/assets/polls.css?body=1" for 127.0.0.1 at 2012-10-20 00:35:08 -0500
Served asset /polls.css - 304 Not Modified (0ms)


Started GET "/assets/jquery_ujs.js?body=1" for 127.0.0.1 at 2012-10-20 00:35:08 -0500
Served asset /jquery_ujs.js - 304 Not Modified (0ms)


Started GET "/assets/scaffolds.css?body=1" for 127.0.0.1 at 2012-10-20 00:35:08 -0500
Served asset /scaffolds.css - 304 Not Modified (0ms)


Started GET "/assets/jquery.js?body=1" for 127.0.0.1 at 2012-10-20 00:35:08 -0500
Served asset /jquery.js - 304 Not Modified (0ms)


Started GET "/assets/application.js?body=1" for 127.0.0.1 at 2012-10-20 00:35:08 -0500
Served asset /application.js - 304 Not Modified (0ms)
